|SourceProjectName:Child Support Operations Manual.hpr
|DestinationProjectName:index.htm
index_hha.hhk
index.hhc
index.hhk
3rd_Quarter_2016.htm
Additional_Resources\Recommended_Reading.htm
COLA\Appendices\Codes\COLA_Request_Indicator_codes.htm
COLA\Eligibility\Eligible_Ledgers.htm
COLA\Eligibility\Eligible_Ledgers__Syntax_of_Ledger_Codes.htm
COLA\Eligibility\General_Eligibility_Criteria_for_a_COLA.htm
COLA\Eligibility\Multiple_Ledgers,_Different_Payment_Frequencies.htm
COLA\Eligibility\Orders_Subject_to_COLA.htm
COLA\Eligibility\Quick_Reference__General_Eligility.htm
COLA\Ineligibility\Ineligibility.htm
COLA\Intro_to_COLA\How_Is_a_COLA_Calculated_.htm
COLA\Intro_to_COLA\TA_Accounts_versus_Non-TA_Accounts__Different_COLA_Processes.htm
COLA\Intro_to_COLA\What_is_a_COLA_.htm
COLA\Non-TA_Process\ASSETS_runs_its_COLA_monthly_process_(on_the_third_full_weekend_of_each_month).htm
COLA\Non-TA_Process\ASSETS_sends_data_files_to_Processing_Center.htm
COLA\Non-TA_Process\Caseworker_reviews_Eligible_Cases_screen,_looks_for_any_accounts_with_an__E__(Error)_code.htm
COLA\Non-TA_Process\COLA-Eligible_cases_appear_on__Cost_of_Living_Adjustment_Eligible_Cases__screen.htm
COLA\Non-TA_Process\COLA_Requested_.htm
COLA\Non-TA_Process\CP_or_NCP_mails_request_to_Processing_Center.htm
COLA\Non-TA_Process\No_COLA_requested._No_further_action..htm
COLA\Non-TA_Process\On_the_next_third_weekend_of_the_month,_ASSETS_runs_COLA_monthly_process..htm
COLA\Non-TA_Process\PROC_CENTER_PRINT.htm
COLA\Non-TA_Process\Processing_Center_enters_request_code_into_system.htm
COLA\Non-TA_Process\Roadmap__Non-TA_Process.htm
COLA\Objections\Caseworker_or_DSS_worker_attends_court_hearing.htm
COLA\Objections\Court_sends_copy_of_new_court_order_to_all_parties.htm
COLA\Objections\Intro_to_Objections_in_COLA_Process.htm
COLA\Objections\Procedures_for_Objections.htm
COLA\Objections\When_Should_the_DSS_Object_to_a_COLA_.htm
COLA\TA_Process\TA_-_First_Topic.htm
COLA\Troubleshooting_-_COLA\Cannot_clear_the_Objection_Date_Field.htm
COLA\Troubleshooting_-_COLA\Cannot_edit_the__CEJ_State__field_in_ASSETS.htm
COLA\Troubleshooting_-_COLA\Review_Adjustment_Ind_field_Contains_Code__E_.htm
COLA_Notices_-_Sent_from_Processing_Center.htm
Demo_-_Examples_of_Pages\Caseworker_Step_in_a_Process.htm
Demo_-_Examples_of_Pages\CP_or_NCP_Step_in_a_Process.htm
Demo_-_Examples_of_Pages\Teaser_re_Go_Live_of_Product.htm
DO_NOT_INCLUDE\Examples_of_Filter_Combinations.htm
Embedded_Video.htm
Instructions_for_Reviewers_of_this_Manual\Instructions_for_Reviewers_of_This_Document.htm
Instructions_for_Reviewers_of_this_Manual\SMEs_--_Instructions_for_First_Review_of_Content.htm
Introduction_-_Child_Support_Operations_Manual.htm
Introduction_to_Child_Support\Intro_to_Child_Support.htm
Introduction_to_the_Child_Support_Operations_Manual\Features_Already_Implemented_into_Design.htm
Introduction_to_the_Child_Support_Operations_Manual\Features_To_Be_Implemented.htm
Introduction_to_the_Child_Support_Operations_Manual\Filtering_Your_Content__How_to_use_the_filter.htm
Legislation\Legal_-_General_Information.htm
Legislation\Section_111-G_of_the_Social_Services_Law.htm
Legislation\Title_6-A_of_the_Social_Services_Law.htm
Legislation\Title_IV-E_Foster_Care.htm
New_Topic.htm
PAGE_TEMPLATES\Caseworker_Master_Page_Layout.htm
PAGE_TEMPLATES\LEGISLATION_-_Page_Template.htm
PAGE_TEMPLATES\On_the_third_full_weekend_of_each_month,_ASSETS_runs_its_COLA_monthly_process.htm
Screens_You_Will_Encounter\Child_Support_Standards_Act_(CSSA)_Data_and_Consumer_Price_Index_utility_screen.htm
Screens_You_Will_Encounter\Child_Support_Standards_Act_(CSSA)_Information_Tab.htm
Screens_You_Will_Encounter\COLA_Eligible_Cases_Screen.htm
Screens_You_Will_Encounter\Obligation_Tab_screen.htm
Screens_You_Will_Encounter\Screens_You_ll_Encounter_in_COLA.htm
Screens_You_Will_Encounter\Summary_Tab.htm
Screens_You_Will_Encounter\To_View_the_CPI-U_Data_From_Any_Page_In_ASSETS.htm
Still_No_Answers_-_Unresolved_Questions\Active_Voice_Versus_Passive_Voice.htm
Still_No_Answers_-_Unresolved_Questions\Discussing_Wording_Rather_Than_Meaning.htm
Still_No_Answers_-_Unresolved_Questions\Does_hearing_result_in_a_NEW_order_.htm
Still_No_Answers_-_Unresolved_Questions\Is_the_hearing_a_De_Novo_Hearing_.htm
Still_No_Answers_-_Unresolved_Questions\Still_No_Answers.htm
TEST_NEW_DESIGN.htm
THIEL_ONLY\Added_Features.htm
THIEL_ONLY\Icons_I_Use.htm
THIEL_ONLY\Style_Sheet_-_Mark_Thiel.htm
THIEL_ONLY\TEST_of_Screen_Capture_with_Links.htm
THIEL_ONLY\To_Do_List.htm
THIEL_ONLY\Web_Building_Tools.htm
template\Azure_Blue\usersettings.js
template\Azure_Blue_2\usersettings.js
template\OTDA\usersettings.js
template\2017_01_20_A\usersettings.js
index.glo
Style_Sheets\default.css
template\Azure_Blue\layout-rtl.css
template\Azure_Blue\layout.css
template\Azure_Blue_2\layout-rtl.css
template\Azure_Blue_2\layout.css
template\OTDA\layout-rtl.css
template\OTDA\layout.css
Style_Sheets\VideoPage.css
template\2017_01_20_A\layout-rtl.css
template\2017_01_20_A\layout.css
template\2017_01_20_A\slider_ltr.png
template\2017_01_20_A\next.png
template\2017_01_20_A\slider_rtl.png
template\2017_01_20_A\search_tab.png
template\2017_01_20_A\filter_tab.png
template\2017_01_20_A\andsearch_nomark.png
template\2017_01_20_A\menu.png
template\2017_01_20_A\social_open.png
template\2017_01_20_A\filter_mark.png
template\2017_01_20_A\logo.png
template\2017_01_20_A\preview\toc-mobile.png
template\2017_01_20_A\preview\sidebar-mobile.png
template\2017_01_20_A\preview\sidebar-tablet.png
Cost_of_Living_Adjustment_Eligible_Cases_screen_REDACTED.png
image9.gif
Graphics_Global\image9.gif
Graphics_Global\image2.gif
template\OTDA\slider_open_rtl.png
template\OTDA\toc_tab.png
template\OTDA\previous_tab_active.png
template\OTDA\next_mobile_active.png
template\OTDA\preview\index.png
template\Azure_Blue_2\print_desktop.png
template\Azure_Blue_2\glossary_tab.png
template\Azure_Blue_2\next_tab.png
template\Azure_Blue_2\toc_book_open_drildown.png
template\Azure_Blue_2\preview\layout-media-queries.png
template\Azure_Blue\search_tab.png
template\Azure_Blue\filter_tab.png
template\Azure_Blue\filter_mark.png
template\2017_01_20_A\search_desktop_active.png
template\2017_01_20_A\next_mobile.png
PAGE_TEMPLATES\Graphics\Caseworker_Master_Page_Layout.gif
template\OTDA\social_close_ltr.png
template\OTDA\glossary_desktop.png
template\OTDA\social_close_rtl.png
template\OTDA\filter_mark_radio.png
template\Azure_Blue_2\slider_ltr.png
template\Azure_Blue_2\slider_rtl.png
template\Azure_Blue_2\search_tab.png
template\Azure_Blue_2\filter_tab.png
template\Azure_Blue_2\previous_mobile_active.png
template\Azure_Blue_2\social_open.png
template\Azure_Blue_2\filter_mark.png
template\Azure_Blue_2\preview\index.png
template\Azure_Blue\glossary_tab.png
template\Azure_Blue\previous_tab.png
template\Azure_Blue\filter_mobile_applied.png
template\2017_01_20_A\slider_open_ltr.png
template\2017_01_20_A\back_mobile_ltr.png
template\2017_01_20_A\slider_open_rtl.png
template\2017_01_20_A\back_mobile_rtl.png
template\2017_01_20_A\filter_mobile.png
template\2017_01_20_A\filter_nomark.png
template\2017_01_20_A\toc_book_open_mobile.png
template\2017_01_20_A\toc_topic_desktop.png
template\2017_01_20_A\preview\functionbar-mobile.png
Screens_You_Will_Encounter\Child_Support_Standards_Act_(CSSA)_Information_Tab_-_Redacted.png
Graphics_Global\Information_small_icon.png
template\OTDA\next.png
template\OTDA\glossary_tab.png
template\OTDA\next_tab_active.png
template\OTDA\menu.png
template\OTDA\toc_book_open_mobile.png
template\OTDA\logo.png
template\Azure_Blue_2\toc_link_desktop_ltr.png
template\Azure_Blue_2\filter_desktop_applied.png
template\Azure_Blue_2\next_mobile.png
template\Azure_Blue_2\filter_nomark_radio.png
template\Azure_Blue_2\idx_topic.png
template\Azure_Blue_2\toc_link_desktop_rtl.png
template\Azure_Blue_2\toc_book_closed_desktop.png
template\Azure_Blue_2\preview\sidebar-mobile.png
template\Azure_Blue_2\preview\sidebar-tablet.png
template\Azure_Blue_2\preview\sidebar-desktop.png
template\Azure_Blue\toc_tab.png
template\Azure_Blue\search_mobile.png
template\Azure_Blue\filter_mobile.png
template\Azure_Blue\social_open.png
template\Azure_Blue\filter_nomark.png
Graphics_Global\Legislation_icon.gif
Graphics_Global\Paper_clip_icon.gif
template\2017_01_20_A\toc_link_desktop_ltr.png
template\2017_01_20_A\toc_link_mobile_ltr.png
template\2017_01_20_A\index_mobile.png
template\2017_01_20_A\previous_mobile_active.png
template\2017_01_20_A\social_close_rtl.png
template\2017_01_20_A\toc_link_desktop_rtl.png
template\2017_01_20_A\toc_link_mobile_rtl.png
template\2017_01_20_A\toc_book_closed_mobile.png
template\2017_01_20_A\search_desktop.png
template\2017_01_20_A\preview\index.png
image20.gif
Graphics_Global\NYS_Logo_-_01.PNG
Graphics_Global\image17.gif
Graphics_Global\image15.gif
Graphics_Global\image11.gif
Graphics_Global\image10.gif
template\OTDA\filter_mobile_applied.png
template\OTDA\search_mobile_navigation.png
template\OTDA\toc_topic_mobile.png
template\OTDA\search_desktop.png
template\OTDA\preview\search-mobile.png
template\OTDA\preview\functionbar-desktop.png
template\OTDA\preview\user-settings.png
template\Azure_Blue_2\social_close_ltr.png
template\Azure_Blue_2\toc_link_mobile_ltr.png
template\Azure_Blue_2\next.png
template\Azure_Blue_2\search_mobile.png
template\Azure_Blue_2\back_mobile_filter.png
template\Azure_Blue_2\menu.png
template\Azure_Blue_2\logo.png
template\Azure_Blue_2\toc_link_mobile_rtl.png
template\Azure_Blue_2\toc_book_closed_mobile.png
template\Azure_Blue_2\preview\social.png
template\Azure_Blue_2\preview\filter.png
template\Azure_Blue_2\preview\search.png
template\Azure_Blue_2\preview\header.png
template\Azure_Blue\slider_open_ltr.png
template\Azure_Blue\slider_open_rtl.png
template\Azure_Blue\search_desktop_navigation.png
template\Azure_Blue\filter_clearall.png
template\Azure_Blue\toc_link_desktop_rtl.png
template\Azure_Blue\toc_book_closed_desktop.png
Graphics_Global\CP_small_icon.png
DO_NOT_INCLUDE\CPI-U_Utility_Screenshot.gif
template\2017_01_20_A\filter_desktop_applied.png
template\2017_01_20_A\index_desktop.png
template\2017_01_20_A\search_mobile.png
template\2017_01_20_A\filter_nomark_radio.png
template\2017_01_20_A\preview\filter-mobile.png
template\2017_01_20_A\preview\search-mobile.png
Screens_You_Will_Encounter\Obligation_Tab_screen_-_Redacted.png
Graphics_Global\Scheduled_Process_small_icon.png
COLA\Graphics_for_COLA\How_is_a_COLA_Calculated.png
template\OTDA\slider_ltr.png
template\OTDA\toc_link_desktop_ltr.png
template\OTDA\next_active.png
template\OTDA\slider_rtl.png
template\OTDA\filter_tab.png
template\OTDA\next_mobile.png
template\OTDA\filter_mobile.png
template\OTDA\filter_mark.png
template\OTDA\filter_nomark.png
template\OTDA\toc_book_open_drildown.png
template\OTDA\toc_link_desktop_rtl.png
template\OTDA\preview\sidebar-mobile.png
template\OTDA\preview\sidebar-tablet.png
template\OTDA\preview\content.png
template\Azure_Blue_2\back_mobile_ltr.png
template\Azure_Blue_2\search_desktop_navigation.png
template\Azure_Blue_2\filter_desktop.png
template\Azure_Blue_2\andsearch_nomark.png
template\Azure_Blue_2\back_mobile_rtl.png
template\Azure_Blue_2\index_mobile.png
template\Azure_Blue_2\filter_mobile_applied.png
template\Azure_Blue_2\toc_book_open_mobile.png
template\Azure_Blue_2\toc_topic_desktop.png
template\Azure_Blue_2\preview\functionbar-mobile.png
template\Azure_Blue\filter_nomark_radio.png
template\2017_01_20_A\social_close_ltr.png
template\2017_01_20_A\glossary_desktop.png
template\2017_01_20_A\back_mobile_filter.png
template\2017_01_20_A\toc_book_open_drildown.png
template\2017_01_20_A\andsearch_mark.png
template\2017_01_20_A\preview\sidebar-desktop.png
COLA\Graphics_for_COLA\Diagrams\Ineligible_Ledgers_are_mutually_exclusive.png
template\OTDA\search_desktop_active.png
template\OTDA\index_tab.png
template\OTDA\search_mobile_active.png
template\OTDA\search_mobile.png
template\OTDA\preview\filter-mobile.png
template\OTDA\preview\sidebar-desktop.png
template\OTDA\preview\functionbar-mobile.png
template\Azure_Blue_2\previous_active.png
template\Azure_Blue_2\previous_mobile.png
template\Azure_Blue_2\preview\content.png
template\Azure_Blue\toc_mobile.png
template\Azure_Blue\previous_mobile_active.png
template\Azure_Blue\toc_topic_mobile.png
COLA\Graphics_for_COLA\Diagrams\CEJ_State_is_Not_Eligible_for_a_COLA.png
template\2017_01_20_A\filter_desktop.png
template\2017_01_20_A\filter_mobile_applied.png
template\OTDA\print_desktop.png
template\OTDA\previous_active.png
template\OTDA\previous.png
template\OTDA\search_desktop_navigation.png
template\OTDA\toc_mobile.png
template\OTDA\previous_mobile.png
template\OTDA\filter_nomark_radio.png
template\OTDA\andsearch_mark.png
template\OTDA\idx_topic.png
template\Azure_Blue\search_mobile_active.png
template\Azure_Blue\search_mobile_navigation.png
Graphics_Global\Automated_ASSETS_icon.gif
Graphics_Global\Paper_Clip_-_Small.PNG
template\OTDA\top.png
template\OTDA\back_mobile_rtl.png
template\OTDA\back_mobile_filter.png
template\OTDA\loading.gif
template\Azure_Blue_2\previous_tab_active.png
template\Azure_Blue_2\social_close_rtl.png
template\Azure_Blue_2\preview\user-settings.png
template\Azure_Blue\back_mobile_ltr.png
template\Azure_Blue\social_close_ltr.png
template\Azure_Blue\toc_link_desktop_ltr.png
template\Azure_Blue\previous.png
template\Azure_Blue\glossary_desktop.png
template\Azure_Blue\next_tab.png
template\Azure_Blue\andsearch_nomark.png
template\Azure_Blue\back_mobile_rtl.png
template\Azure_Blue\social_close_rtl.png
Graphics_Global\Caseworker_Icon.gif
template\2017_01_20_A\print_desktop.png
template\2017_01_20_A\preview\social.png
template\2017_01_20_A\preview\filter.png
template\2017_01_20_A\preview\search.png
template\2017_01_20_A\preview\header.png
Graphics_Global\Learn_more_button_-_green_25_percent.png
template\OTDA\andsearch_nomark.png
template\OTDA\glossary_mobile.png
template\OTDA\preview\social.png
template\OTDA\preview\filter.png
template\OTDA\preview\search.png
template\OTDA\preview\header.png
template\OTDA\preview\layout-media-queries.png
template\Azure_Blue\next_active.png
template\Azure_Blue\previous_active.png
template\Azure_Blue\next_mobile.png
template\Azure_Blue\previous_mobile.png
Automated_ASSETS_icon.gif
template\2017_01_20_A\top.png
template\2017_01_20_A\toc_book_open_desktop.png
template\2017_01_20_A\loading.gif
template\2017_01_20_A\toc_topic_mobile.png
template\2017_01_20_A\preview\functionbar-tablet.png
template\2017_01_20_A\preview\functionbar-desktop.png
template\OTDA\search_tab.png
template\OTDA\filter_tab_applied.png
template\OTDA\toc_book_open_desktop.png
template\OTDA\filter_clearall.png
template\Azure_Blue\filter_tab_applied.png
template\Azure_Blue\andsearch_mark.png
template\Azure_Blue\toc_book_closed_mobile.png
template\2017_01_20_A\search_desktop_navigation.png
template\OTDA\preview\functionbar-tablet.png
template\Azure_Blue_2\slider_open_ltr.png
template\Azure_Blue_2\slider_open_rtl.png
template\Azure_Blue_2\index_desktop.png
template\Azure_Blue_2\next_tab_active.png
template\Azure_Blue_2\filter_clearall.png
template\Azure_Blue_2\preview\glossary.png
template\Azure_Blue\toc_book_open_drildown.png
Screens_You_Will_Encounter\CPI-U_and_CSSA_Screen.gif
template\2017_01_20_A\index_tab.png
template\2017_01_20_A\search_mobile_navigation.png
COLA\Graphics_for_COLA\COLA_Previous_Month_dropdown_menu.jpg
template\OTDA\toc_link_mobile_ltr.png
template\OTDA\toc_topic_desktop.png
template\OTDA\toc_book_closed_desktop.png
template\OTDA\toc_link_mobile_rtl.png
template\Azure_Blue_2\top.png
template\Azure_Blue_2\filter_tab_applied.png
template\Azure_Blue_2\glossary_mobile.png
template\Azure_Blue_2\next_mobile_active.png
template\Azure_Blue_2\filter_mark_radio.png
template\Azure_Blue_2\loading.gif
template\Azure_Blue_2\preview\toc-mobile.png
template\Azure_Blue\back_mobile_filter.png
template\Azure_Blue\loading.gif
template\2017_01_20_A\previous.png
template\2017_01_20_A\filter_tab_applied.png
template\2017_01_20_A\toc_tab.png
template\2017_01_20_A\previous_tab_active.png
template\2017_01_20_A\previous_tab.png
template\2017_01_20_A\toc_mobile.png
template\2017_01_20_A\next_mobile_active.png
template\2017_01_20_A\filter_mark_radio.png
template\2017_01_20_A\preview\user-settings.png
Graphics_Global\Paper_Clip_-_icon.PNG
template\OTDA\back_mobile_ltr.png
template\OTDA\index_desktop.png
template\OTDA\previous_tab.png
template\OTDA\toc_book_closed_mobile.png
template\Azure_Blue_2\search_desktop_active.png
template\Azure_Blue_2\search_mobile_navigation.png
template\Azure_Blue_2\search_desktop.png
template\Azure_Blue\search_desktop_active.png
template\Azure_Blue\filter_desktop_applied.png
template\Azure_Blue\toc_topic_desktop.png
Screens_You_Will_Encounter\Code_E_Screenshot.gif
template\2017_01_20_A\next_active.png
template\2017_01_20_A\glossary_tab.png
template\OTDA\filter_desktop_applied.png
template\OTDA\toc_desktop.png
template\Azure_Blue_2\preview\toc-desktop.png
template\Azure_Blue\top.png
template\Azure_Blue\next.png
template\Azure_Blue\filter_desktop.png
template\Azure_Blue\menu.png
template\Azure_Blue\toc_book_open_desktop.png
template\Azure_Blue\logo.png
template\Azure_Blue\search_desktop.png
template\2017_01_20_A\toc_desktop.png
template\2017_01_20_A\toc_book_closed_desktop.png
Screens_You_Will_Encounter\Summary_Tab.png
template\Azure_Blue_2\previous.png
template\Azure_Blue_2\glossary_desktop.png
template\Azure_Blue_2\previous_tab.png
template\Azure_Blue_2\search_mobile_active.png
template\Azure_Blue_2\filter_mobile.png
template\Azure_Blue_2\filter_nomark.png
template\Azure_Blue_2\andsearch_mark.png
template\Azure_Blue_2\preview\functionbar-tablet.png
template\Azure_Blue_2\preview\functionbar-desktop.png
template\Azure_Blue\toc_link_mobile_ltr.png
template\Azure_Blue\next_tab_active.png
template\Azure_Blue\glossary_mobile.png
template\Azure_Blue\toc_link_mobile_rtl.png
template\2017_01_20_A\next_tab_active.png
template\2017_01_20_A\next_tab.png
template\2017_01_20_A\idx_topic.png
template\2017_01_20_A\filter_clearall.png
template\2017_01_20_A\preview\toc-desktop.png
template\OTDA\filter_desktop.png
template\OTDA\next_tab.png
template\OTDA\index_mobile.png
template\OTDA\previous_mobile_active.png
template\OTDA\preview\glossary.png
template\Azure_Blue_2\next_active.png
template\Azure_Blue_2\index_tab.png
template\Azure_Blue_2\toc_book_open_desktop.png
template\Azure_Blue_2\toc_topic_mobile.png
template\Azure_Blue_2\preview\filter-mobile.png
template\Azure_Blue_2\preview\search-mobile.png
template\Azure_Blue\slider_ltr.png
template\Azure_Blue\slider_rtl.png
template\Azure_Blue\toc_desktop.png
template\Azure_Blue\next_mobile_active.png
template\Azure_Blue\toc_book_open_mobile.png
template\Azure_Blue\idx_topic.png
template\2017_01_20_A\previous_active.png
template\2017_01_20_A\search_mobile_active.png
template\2017_01_20_A\glossary_mobile.png
template\2017_01_20_A\previous_mobile.png
template\2017_01_20_A\preview\glossary.png
template\2017_01_20_A\preview\content.png
template\2017_01_20_A\preview\layout-media-queries.png
Graphics_Global\New_York_State_logo.png
template\OTDA\slider_open_ltr.png
template\OTDA\social_open.png
template\OTDA\preview\toc-mobile.png
template\OTDA\preview\toc-desktop.png
template\Azure_Blue_2\toc_desktop.png
template\Azure_Blue_2\toc_tab.png
template\Azure_Blue_2\toc_mobile.png
template\Azure_Blue\print_desktop.png
template\Azure_Blue\index_desktop.png
template\Azure_Blue\index_tab.png
template\Azure_Blue\previous_tab_active.png
template\Azure_Blue\index_mobile.png
template\Azure_Blue\filter_mark_radio.png
Graphics_Global\Automated_Mailing_icon.gif
Demo_-_Examples_of_Pages\Embed_Video_in_Robo.mp4
Graphics_Global\TeaserVid.mp4
RoboHHRE.lng
ehlpdhtm.js
index.htm
SearchOptions.xml
Legislation\Legislation.htm
index.ppf
whxdata\toc1.js
whxdata\toc1.new.js
whxdata\toc3.js
whxdata\toc3.new.js
whxdata\toc4.js
whxdata\toc4.new.js
whxdata\toc5.js
whxdata\toc5.new.js
whxdata\toc6.js
whxdata\toc6.new.js
whxdata\toc7.js
whxdata\toc7.new.js
whxdata\toc8.js
whxdata\toc8.new.js
whxdata\toc9.js
whxdata\toc9.new.js
whxdata\toc10.js
whxdata\toc10.new.js
whxdata\toc2.js
whxdata\toc2.new.js
whxdata\toc11.js
whxdata\toc11.new.js
whxdata\toc13.js
whxdata\toc13.new.js
whxdata\toc12.js
whxdata\toc12.new.js
whxdata\toc.js
whxdata\toc.new.js
whxdata\idata1.js
whxdata\idata1.new.js
whxdata\idx.js
whxdata\idx.new.js
whxdata\gdata1.js
whxdata\gdata1.new.js
whxdata\glo.js
whxdata\glo.new.js
whxdata\package_0_xml.js
whxdata\package_1_xml.js
whxdata\package_2_xml.js
whxdata\package_3_xml.js
whxdata\package_4_xml.js
whxdata\package_5_xml.js
whxdata\package_6_xml.js
whxdata\package_7_xml.js
whxdata\package_8_xml.js
whxdata\package_9_xml.js
whxdata\package_10_xml.js
whxdata\package_11_xml.js
whxdata\package_12_xml.js
whxdata\package_13_xml.js
whxdata\packageindex_xml.js
whxdata\synonym.xml
whxdata\synonym_xml.js
whxdata\topictable_0_xml.js
whxdata\topictable_1_xml.js
whxdata\topictableindex_xml.js
whxdata\whfts.xml
whxdata\whfts_xml.js
whxdata\csh.js
whxdata\window.js
projectdata.js
