|SourceProjectName:UNIFIED MANUAL.hpr
|DestinationProjectName:index.htm
index_hha.hhk
index.hhc
index.hhk
Appendices\ADMs_(Administrative_Directive_Memos).htm
Appendices\Appendices_Cover_Page.htm
Appendices\Court_Documents.htm
Appendices\DCLs_(Dear_Colleague_Letters).htm
Appendices\Forms_-_Alphabetical_Order.htm
Appendices\Forms_-_Numerical_Order.htm
Appendices\INFs_--_Informational_Letters.htm
Appendices\Notes___Correspondence_-_Alphabetical_by_Title.htm
Appendices\Notes___Correspondence_-_In_Numerical_Order.htm
Appendices\Useful_Websites.htm
CASE_MANAGEMENT_-_DRAFT\Continuation_of_Service_When_There_s_a_Waiver_In_Effect.htm
COLA\After_a_Court_Hearing\Roadmap__After_a_Court_Hearing.htm
COLA\COLA_-_Cover_page_for_COLA_chapter.htm
COLA\COLA_Process_Page_on_ERS.htm
COLA\Eligibility\Decision_Tree.htm
COLA\Eligibility\Eligible_Ledgers.htm
COLA\Eligibility\Eligible_Ledgers__Syntax_of_Ledger_Codes.htm
COLA\Eligibility\General_Eligibility_Criteria_for_a_COLA.htm
COLA\Eligibility\Multiple_Ledgers,_Different_Payment_Frequencies.htm
COLA\Eligibility\Orders_Subject_to_COLA.htm
COLA\Ineligibility\Ineligibility.htm
COLA\Intro_to_COLA\How_Is_a_COLA_Calculated_.htm
COLA\Intro_to_COLA\TA_Accounts_versus_Non-TA_Accounts__Different_COLA_Processes.htm
COLA\Intro_to_COLA\What_is_a_COLA_.htm
COLA\Intro_to_Objections\Intro_to_Objections_in_COLA_Process.htm
COLA\Intro_to_Objections\When_Should_the_DSS_Object_to_a_COLA_.htm
COLA\Non-TA_Process\ASSETS_runs_its_COLA_monthly_process_(on_the_third_full_weekend_of_each_month).htm
COLA\Non-TA_Process\Caseworker_reviews_Eligible_Cases_screen,_looks_for_any_accounts_with_an__E__(Error)_code.htm
COLA\Non-TA_Process\COLA-Eligible_cases_appear_on__Cost_of_Living_Adjustment_Eligible_Cases__screen.htm
COLA\Non-TA_Process\CP_and_NCP_Decide_Whether_to_Object_to_COLA.htm
COLA\Non-TA_Process\CP_or_NCP_mails_Objection_to_Court.htm
COLA\Non-TA_Process\CP_or_NCP_mails_request_to_Processing_Center.htm
COLA\Non-TA_Process\No_COLA_requested._No_further_action..htm
COLA\Non-TA_Process\No_objection__COLA_takes_effect_in_60_days.htm
COLA\Non-TA_Process\On_the_next_third_weekend_of_the_month,_ASSETS_runs_COLA_monthly_process..htm
COLA\Non-TA_Process\PROC_CENTER_PRINT.htm
COLA\Non-TA_Process\Proc_Ctr_sends__Adjusted_Order_of_Support__to_all_parties.htm
COLA\Non-TA_Process\Processing_Center_enters_request_code_into_system.htm
COLA\Non-TA_Process\Roadmap__Non-TA_Process.htm
COLA\Notices_Documents_and_Correspondence\COLA_Notices_-_Sent_from_Processing_Center.htm
COLA\Objection_Process\ASSETS_locks_ledgers_so_that_no_COLA_goes_into_effect_pending_de_novo_hearing.htm
COLA\Objection_Process\Court_receives_objection.htm
COLA\Objection_Process\If_a_new_or_modified_order_is_issued.htm
COLA\Objection_Process\If_the_objection_is_dismissed.htm
COLA\Objection_Process\If_the_objection_is_upheld.htm
COLA\Objection_Process\Roadmap__Objecting_to_a_COLA.htm
COLA\Objection_Process\Worker_enters_Objection_Date_into_Adj_Order_Objection_Date_field.htm
COLA\Objection_Process\Worker_rescinds__Adjusted_Order_of_Support_.htm
COLA\Objection_Process\Workers_conducts_financial_investigation.htm
COLA\TA_Process\02.htm
COLA\TA_Process\03.htm
COLA\TA_Process\04.htm
COLA\TA_Process\Roadmap__TA_Process.htm
COLA\TA_Process\Step_02.htm
COLA\Troubleshooting_-_COLA\Cannot_clear_the_Objection_Date_Field.htm
COLA\Troubleshooting_-_COLA\Cannot_edit_the__CEJ_State__field_in_ASSETS.htm
COLA\Troubleshooting_-_COLA\Proc_Ctr_Receives_an_Unsigned_Request_for_a_COLA.htm
COLA\Troubleshooting_-_COLA\Review_Adjustment_Ind_field_Contains_Code__E_.htm
homepage.htm
INTAKE\Case-Building\Case-Building_-_An_Introduction.htm
INTAKE\Case-Building\Referral_Search_-_Building_a_Case_from_a_Referral_Search.htm
INTAKE\Cooperation_Requirements\Attesting_to_Lack_of_Information.htm
INTAKE\Cooperation_Requirements\Define__Cooperation_.htm
INTAKE\Cooperation_Requirements\Define_Good_Cause.htm
INTAKE\Cooperation_Requirements\Good_Cause_versus_Domestic_Violence_Waivers.htm
INTAKE\Cooperation_Requirements\Results_of_Non-Cooperation.htm
INTAKE\Eligibility_for_Child_Support_Services\Eligible_Cases.htm
INTAKE\Eligibility_for_Child_Support_Services\Policies_Regarding_Intake.htm
INTAKE\Foster_Care_Cases\Introduction_to_Foster_Care_Cases.htm
INTAKE\Intake_-_Cover_Page.htm
INTAKE\Introduction_to_Intake\Applications_versus_Referrals.htm
INTAKE\Introduction_to_Intake\Case_Processing_Timelines.htm
INTAKE\Introduction_to_Intake\Definition_of_Intake.htm
INTAKE\Introduction_to_Intake\Do_all_clients_need_to_fill_out_an_LDSS-4882_.htm
INTAKE\Introduction_to_Intake\Forms_--_Intake_Forms.htm
INTAKE\Introduction_to_Intake\Linking_Cases_--_Should_You_Do_It_.htm
INTAKE\Introduction_to_Intake\Retention_of_Paper_Records.htm
INTAKE\Introduction_to_Intake\Safety_Concerns__Safety_of_the_Applicant.htm
INTAKE\Introduction_to_Intake\Who_is_the_Client__Who_is_the_Petitioner_.htm
INTAKE\Non-TA_Cases_-_Introduction\$25_Annual_Service_Fee_--_Alternative_A.htm
INTAKE\Non-TA_Cases_-_Introduction\Ability_to_Suppress_Personally_Idenifying_Information.htm
INTAKE\Non-TA_Cases_-_Introduction\Family_Violence_Indicator_(FVI)_in_Non-TA_Cases.htm
INTAKE\Non-TA_Process_-_Intake\CP_or_NCP_completes___returns_LDSS-4882.htm
INTAKE\Non-TA_Process_-_Intake\Has_customer_indicated_any_safety_concerns_.htm
INTAKE\Non-TA_Process_-_Intake\Has_customer_requested_legal_services_.htm
INTAKE\Non-TA_Process_-_Intake\Roadmap_-__Non-TA_Process_-_Intake.htm
INTAKE\Non-TA_Process_-_Intake\Worker_begins_building_the_case.htm
INTAKE\Non-TA_Process_-_Intake\Worker_examines_supporting_documentation.htm
INTAKE\Non-TA_Process_-_Intake\Worker_has_initial_contact_with_customer.htm
INTAKE\Non-TA_Process_-_Intake\Worker_interviews_the_customer_(Optional).htm
INTAKE\Non-TA_Process_-_Intake\Worker_logs_receipt_of_4882,_reviews_it_for_completeness.htm
INTAKE\Non-TA_Process_-_Intake\Worker_provides_customer_with_legal_rates.htm
INTAKE\Non-TA_Process_-_Intake\Worker_provides_LDSS-4882_to_customer.htm
INTAKE\Non-TA_Process_-_Intake\Worker_sends_customer_to_DVL.htm
INTAKE\Safety_Concerns_-_Good_Cause_and_Domestic_Violence\After_a_Determination_by_a_DVL_-_Required_Actions.htm
INTAKE\Safety_Concerns_-_Good_Cause_and_Domestic_Violence\Domestic_Violence_Liaison__What_They_Do.htm
INTAKE\Safety_Concerns_-_Good_Cause_and_Domestic_Violence\Referral_to_Domestic_Violence_Liaison.htm
INTAKE\Safety_Concerns_-_Good_Cause_and_Domestic_Violence\Suppression_of_Address_and_Employment_Information.htm
INTAKE\Safety_Concerns_-_Good_Cause_and_Domestic_Violence\To_the_Customer_in_TA_Cases_Involving_Domestic_Violence.htm
INTAKE\TA_Cases_Intake_Introduction\Cooperation_Requirements_for_TA_Cases.htm
INTAKE\TA_Cases_Intake_Introduction\If_the_TA_Unit_Denies_Temporary_Assistance.htm
INTAKE\TA_Cases_Intake_Introduction\The_IVA-IVD_Interface_Report.htm
INTAKE\TA_Process\CP_applies_for_TA_at_TA_Unit.htm
INTAKE\TA_Process\CP_or_NCP_completes_and_returns_LDSS-4882.htm
INTAKE\TA_Process\CP_signs_Attestation_to_Lack_of_Information_form.htm
INTAKE\TA_Process\Does_customer_claim_safety_concerns_.htm
INTAKE\TA_Process\Roadmap__TA_Process_for_Intake.htm
INTAKE\TA_Process\TA_Worker_provides_LDSS-4882_to_customer.htm
INTAKE\TA_Process\Worker_begins_building_the_case.htm
INTAKE\TA_Process\Worker_examines_supporting_documentation.htm
INTAKE\TA_Process\Worker_interviews_the_customer_(Optional).htm
INTAKE\TA_Process\Worker_logs_receipt_of_4882,_reviews_it_for_completeness.htm
INTAKE\TA_Process\Worker_sends_customer_to_DVL.htm
INTAKE\The_Application_Referral_Form_LDSS-4882\Section_C_--_Checking_Box_1_or_Box_2.htm
INTAKE\The_Application_Referral_Form_LDSS-4882\The_Application__Form_DSS-2860.htm
INTAKE\Troubleshooting_-_Intake\ASSETS_Changes_CP_or_NCP_Address.htm
INTAKE\Troubleshooting_-_Intake\Hard_Copy_of_Referral_Never_Arrived_from_TA.htm
INTAKE\Troubleshooting_-_Intake\New_Topic.htm
INTAKE\Troubleshooting_-_Intake\Worker_cannot_select_IV-E_Foster_Care_radio_button.htm
Introduction_to_Child_Support\Roadmaps_--_Directory_of_Process_Diagrams.htm
Introduction_to_the_Child_Support_Operations_Manual\Demo_-_Brief_Video_Demo_of_Features.htm
Introduction_to_the_Child_Support_Operations_Manual\Filter_Your_Content.htm
Introduction_to_the_Child_Support_Operations_Manual\Glossary.htm
Introduction_to_the_Child_Support_Operations_Manual\Index.htm
Introduction_to_the_Child_Support_Operations_Manual\Navigation.htm
Introduction_to_the_Child_Support_Operations_Manual\Roadmaps.htm
Introduction_to_the_Child_Support_Operations_Manual\Scope__What_This_Chapter_Covers.htm
Introduction_to_the_Child_Support_Operations_Manual\Search_Box.htm
Introduction_to_the_Child_Support_Operations_Manual\Title_Page_-_Produced_by_PDP.htm
LOCATION\Local_Resources_for_Location_Investigation_-_a_Checklist.htm
LOCATION\Social_Security_Number_-_Sources_For_Finding_It.htm
Notices_and_Correspondence\Account_Creation_Summary.htm
Notices_and_Correspondence\Affidavit_of_Prior_Application.htm
Notices_and_Correspondence\Continuation_of_Child_Support_Services_letter.htm
Notices_and_Correspondence\Cover_Letter_accompanying_Mailed_LDSS-4882_form.htm
Screens_You_Will_Encounter_-_Master_List\Application_Form_-_Intake_Module.htm
Screens_You_Will_Encounter_-_Master_List\CANs_on_System_Without_CINs_screen.htm
Screens_You_Will_Encounter_-_Master_List\Child_Support_Standards_Act_(CSSA)_Data_and_Consumer_Price_Index_utility_screen.htm
Screens_You_Will_Encounter_-_Master_List\Child_Support_Standards_Act_(CSSA)_Information_Tab.htm
Screens_You_Will_Encounter_-_Master_List\COLA_Eligible_Cases_Screen.htm
Screens_You_Will_Encounter_-_Master_List\Cost_of_Living_Adjustment_(COLA)_Information_Edit.htm
Screens_You_Will_Encounter_-_Master_List\IVA_-_IVD_Interface_screen.htm
Screens_You_Will_Encounter_-_Master_List\NYS_Family_Court_Tab_-_Document_Generation_Utillty.htm
Screens_You_Will_Encounter_-_Master_List\Obligation_Tab_screen.htm
Screens_You_Will_Encounter_-_Master_List\Respondent_-_Noncustodial_Parent_-_Location.htm
Screens_You_Will_Encounter_-_Master_List\Respondent_Address_tab_in_Summary_Mode.htm
Screens_You_Will_Encounter_-_Master_List\Respondent_Information_tab_-_Case_Mode_screen.htm
Screens_You_Will_Encounter_-_Master_List\Screens_You_ll_Encounter_in_COLA.htm
Screens_You_Will_Encounter_-_Master_List\Summary_Tab.htm
Screens_You_Will_Encounter_-_Master_List\To_View_the_CPI-U_Data_From_Any_Page_In_ASSETS.htm
Screens_You_Will_Encounter_-_Master_List\Welfare_Reporting_Tracking_System_Applicant_Search.htm
SUPPORT_ESTABLISHMENT\Support_Petition_-_Preparing_the_Petition.htm
INTAKE\Change_in_Payee\Application_Form_LDSS-4882.pdf
INTAKE\Change_in_Payee\Change_in_Payee_Notice_(Non-IV-D_CSS_case)_(sample).pdf
INTAKE\Change_in_Payee\Change_in_Payee_Notice_(Non-IV-D_DSS_case)_(sample).pdf
COLA\COLA_Chapter_-_Child_Support_Program_Manual_-_20171129A.pdf
COLA\Objection_Process\Objection_Process_-_WHOLE_-_2017-07-13_-_A.png
template\Azure_Blue_2\usersettings.js
template\CSS_Ops_Man_2017-05-12\usersettings.js
template\OTDA\usersettings.js
template\2017_01_20_A\usersettings.js
template\Azure_Blue\usersettings.js
index.glo
max-width-1050px.css
default.css
Style_Sheets\default.css
BSSCDHTM.css
INTAKE\Style_Sheets\default.css
INTAKE\default.css
Style_Sheets\default2.css
template\Azure_Blue\layout-rtl.css
template\Azure_Blue\layout.css
template\Azure_Blue_2\layout-rtl.css
template\Azure_Blue_2\layout.css
template\OTDA\layout-rtl.css
template\OTDA\layout.css
template\2017_01_20_A\layout-rtl.css
template\2017_01_20_A\layout.css
template\CSS_Ops_Man_2017-05-12\layout-rtl.css
template\CSS_Ops_Man_2017-05-12\layout.css
template\CSS_Ops_Man_2017-05-12\glossary_mobile.png
template\2017_01_20_A\filter_desktop_applied.png
template\2017_01_20_A\index_desktop.png
template\2017_01_20_A\previous_tab_active.png
template\2017_01_20_A\idx_topic.png
template\2017_01_20_A\search_desktop.png
template\OTDA\filter_desktop_applied.png
template\OTDA\previous_mobile_active.png
template\OTDA\filter_mobile_applied.png
template\Azure_Blue_2\next_tab_active.png
template\Azure_Blue_2\toc_mobile.png
template\Azure_Blue_2\filter_mark.png
template\Azure_Blue_2\toc_book_open_desktop.png
template\Azure_Blue\social_open.png
template\Azure_Blue\search_desktop.png
Screens_You_Will_Encounter_-_Master_List\Child_Support_Standards_Act_(CSSA)_Information_Tab_-_Redacted.png
Notices_and_Correspondence\Account_Creation_Summary_-_Page_1_-_B.jpg
COLA\Non-TA_Process\image39.gif
Case_has_been_built_in_ASSETS_-_Notification_-_b.png
template\CSS_Ops_Man_2017-05-12\back_mobile_ltr.png
template\CSS_Ops_Man_2017-05-12\back_mobile_rtl.png
template\CSS_Ops_Man_2017-05-12\toc_book_closed_desktop.png
template\2017_01_20_A\filter_mobile_applied.png
template\OTDA\toc_link_mobile_ltr.png
template\OTDA\top.png
template\OTDA\search_desktop_active.png
template\OTDA\search_mobile_active.png
template\OTDA\filter_mark.png
template\OTDA\toc_link_mobile_rtl.png
template\Azure_Blue_2\back_mobile_ltr.png
template\Azure_Blue_2\next.png
template\Azure_Blue_2\filter_tab.png
template\Azure_Blue_2\back_mobile_rtl.png
template\Azure_Blue_2\filter_mobile_applied.png
template\Azure_Blue_2\toc_book_open_mobile.png
template\Azure_Blue\search_desktop_active.png
template\Azure_Blue\toc_mobile.png
template\Azure_Blue\filter_clearall.png
template\Azure_Blue\toc_book_closed_desktop.png
INTAKE\Non-TA_Process_-_Intake\Checkbox_-_4882C_Attached.png
image7.gif
Style_Guide_for_Manual\Master_Page_Properties_for_Screenshot_Pages.png
COLA\Non-TA_Process\Non-TA_Process_-_2017-07-07_-_A_-_top.png
INTAKE\Non-TA_Process_-_Intake\Roadmap_-_Intake_-_Non-TA_Process_-_2017-09-27_-_G.png
template\CSS_Ops_Man_2017-05-12\next.png
template\CSS_Ops_Man_2017-05-12\next_tab.png
template\CSS_Ops_Man_2017-05-12\search_mobile_active.png
template\CSS_Ops_Man_2017-05-12\filter_mobile_applied.png
template\CSS_Ops_Man_2017-05-12\menu.png
template\2017_01_20_A\search_desktop_navigation.png
template\2017_01_20_A\glossary_tab.png
template\2017_01_20_A\glossary_mobile.png
template\2017_01_20_A\filter_mark_radio.png
template\2017_01_20_A\toc_topic_mobile.png
template\OTDA\search_desktop_navigation.png
template\OTDA\glossary_desktop.png
template\OTDA\toc_desktop.png
template\OTDA\filter_tab.png
template\OTDA\toc_tab.png
template\OTDA\loading.gif
template\Azure_Blue_2\loading.gif
template\Azure_Blue\next.png
template\Azure_Blue\next_tab.png
template\Azure_Blue\menu.png
template\Azure_Blue\logo.png
Screens_You_Will_Encounter_-_Master_List\Basic_Search_Screen.png
Notices_and_Correspondence\Continuation_of_Child_Support_Services_letter.png
INTAKE\Case-Building\Status_Information_tab_-_redacted_-_C.png
INTAKE\TA_Process\TA_Worker_fills_out_part_of_4882.png
Welfare_Reporting_and_Tracking_System_screen.png
COLA\Eligibility\Decision_Tree_as_Static_Graphic.png
Document_Generation_-_Family_Court_-_A.png
template\CSS_Ops_Man_2017-05-12\previous.png
template\CSS_Ops_Man_2017-05-12\search_desktop_active.png
template\CSS_Ops_Man_2017-05-12\back_mobile_filter.png
template\CSS_Ops_Man_2017-05-12\next_mobile_active.png
template\CSS_Ops_Man_2017-05-12\previous_mobile_active.png
template\CSS_Ops_Man_2017-05-12\filter_nomark_radio.png
template\CSS_Ops_Man_2017-05-12\toc_book_closed_mobile.png
template\2017_01_20_A\previous_active.png
template\2017_01_20_A\filter_tab.png
template\2017_01_20_A\menu.png
template\2017_01_20_A\toc_book_open_desktop.png
template\OTDA\search_mobile_navigation.png
template\Azure_Blue\glossary_desktop.png
template\Azure_Blue\filter_mark.png
INTAKE\Safety_Net_Cases\Safety_Net_Cases_-_Radio_Button_-_b.png
Style_Guide_for_Manual\Image_Properties_dialog_box.png
Graphics_Global\Paper_Clip_-_Small.PNG
COLA\Graphics_for_COLA\COLA_Previous_Month_dropdown_menu.jpg
LOCATION\image2.gif
ITIN_Number.png
template\CSS_Ops_Man_2017-05-12\previous_mobile.png
template\CSS_Ops_Man_2017-05-12\filter_mobile.png
template\CSS_Ops_Man_2017-05-12\andsearch_mark.png
template\2017_01_20_A\top.png
template\2017_01_20_A\next_active.png
template\2017_01_20_A\previous_tab.png
template\2017_01_20_A\search_mobile_active.png
template\2017_01_20_A\back_mobile_filter.png
template\2017_01_20_A\next_mobile.png
template\2017_01_20_A\previous_mobile.png
template\OTDA\slider_ltr.png
template\OTDA\slider_rtl.png
template\OTDA\index_tab.png
template\OTDA\next_tab.png
template\Azure_Blue_2\next_active.png
template\Azure_Blue_2\glossary_desktop.png
template\Azure_Blue_2\search_tab.png
template\Azure_Blue_2\toc_tab.png
template\Azure_Blue_2\andsearch_nomark.png
template\Azure_Blue_2\next_mobile.png
template\Azure_Blue\index_desktop.png
template\Azure_Blue\next_tab_active.png
Screens_You_Will_Encounter_-_Master_List\Code_E_Screenshot.gif
Graphics_Global\Learn_more_button_-_green_25_percent.png
LOCATION\image3.gif
template\CSS_Ops_Man_2017-05-12\search_desktop_navigation.png
template\CSS_Ops_Man_2017-05-12\filter_tab.png
template\2017_01_20_A\back_mobile_ltr.png
template\2017_01_20_A\glossary_desktop.png
template\2017_01_20_A\back_mobile_rtl.png
template\2017_01_20_A\filter_nomark.png
template\2017_01_20_A\filter_clearall.png
template\2017_01_20_A\toc_book_closed_mobile.png
template\OTDA\previous_tab_active.png
template\OTDA\back_mobile_filter.png
template\OTDA\filter_clearall.png
template\Azure_Blue_2\slider_open_ltr.png
template\Azure_Blue_2\toc_link_mobile_ltr.png
template\Azure_Blue_2\slider_open_rtl.png
template\Azure_Blue_2\search_mobile_active.png
template\Azure_Blue_2\toc_link_mobile_rtl.png
template\Azure_Blue\previous_mobile.png
Screens_You_Will_Encounter_-_Master_List\CPI-U_and_CSSA_Screen.gif
Screens_You_Will_Encounter_-_Master_List\Status_Information_tab_-_redacted_-_A.png
Screens_You_Will_Encounter_-_Master_List\Application_Form_in_Assets_-_C5.png
Screens_You_Will_Encounter_-_Master_List\Application_Form_in_Assets_-_C4.png
Screens_You_Will_Encounter_-_Master_List\Application_Form_in_Assets_-_C3.png
Screens_You_Will_Encounter_-_Master_List\Application_Form_in_Assets_-_C2.png
Screens_You_Will_Encounter_-_Master_List\Application_Form_in_Assets_-_C1.png
Screens_You_Will_Encounter_-_Master_List\Application_Form_in_Assets_-_B4.png
Screens_You_Will_Encounter_-_Master_List\Application_Form_in_Assets_-_B3.png
Screens_You_Will_Encounter_-_Master_List\Application_Form_in_Assets_-_B2.png
Screens_You_Will_Encounter_-_Master_List\Application_Form_in_Assets_-_B1.png
Screens_You_Will_Encounter_-_Master_List\Application_Form_in_Assets_-_A5.png
Screens_You_Will_Encounter_-_Master_List\Application_Form_in_Assets_-_A4.png
Screens_You_Will_Encounter_-_Master_List\Application_Form_in_Assets_-_A3.png
Screens_You_Will_Encounter_-_Master_List\Application_Form_in_Assets_-_A2.png
Screens_You_Will_Encounter_-_Master_List\Application_Form_in_Assets_-_A1.png
INTAKE\Case-Building\Select_Participants_for_Child_Support_Applications_-_a.png
template\CSS_Ops_Man_2017-05-12\filter_desktop.png
template\CSS_Ops_Man_2017-05-12\glossary_desktop.png
template\CSS_Ops_Man_2017-05-12\glossary_tab.png
template\CSS_Ops_Man_2017-05-12\search_mobile_navigation.png
template\CSS_Ops_Man_2017-05-12\filter_mark.png
template\2017_01_20_A\toc_link_desktop_ltr.png
template\2017_01_20_A\search_desktop_active.png
template\2017_01_20_A\toc_link_desktop_rtl.png
template\OTDA\next_tab_active.png
template\OTDA\toc_mobile.png
template\OTDA\toc_book_open_mobile.png
template\Azure_Blue_2\search_desktop_active.png
template\Azure_Blue_2\previous_mobile_active.png
template\Azure_Blue_2\filter_mobile.png
template\Azure_Blue_2\menu.png
template\Azure_Blue_2\toc_book_closed_desktop.png
template\Azure_Blue\back_mobile_ltr.png
template\Azure_Blue\previous_tab_active.png
template\Azure_Blue\back_mobile_rtl.png
template\Azure_Blue\social_close_rtl.png
template\Azure_Blue\filter_nomark_radio.png
template\Azure_Blue\toc_book_open_drildown.png
template\Azure_Blue\toc_topic_desktop.png
template\Azure_Blue\toc_book_closed_mobile.png
Screens_You_Will_Encounter_-_Master_List\Basic_Search_screen_-_B.png
Screens_You_Will_Encounter_-_Master_List\Summary_Tab.png
Screens_You_Will_Encounter_-_Master_List\Respondent_Location_tab_-_Case_Mode_-_redacted_-_A.png
INTAKE\Introduction_to_Intake\image7.gif
LOCATION\Databases_-_What_Info_They_Will_Yield_-_2017-10-20_-_A.png
LOCATION\Databases_Used_for_Location_Searches\image3.gif
LOCATION\Databases_Used_for_Location_Searches\image2.gif
LOCATION\Databases_Used_for_Location_Searches\image1.gif
template\CSS_Ops_Man_2017-05-12\toc_tab.png
template\CSS_Ops_Man_2017-05-12\toc_topic_mobile.png
template\2017_01_20_A\index_mobile.png
template\2017_01_20_A\next_mobile_active.png
template\2017_01_20_A\toc_topic_desktop.png
template\OTDA\menu.png
template\OTDA\filter_mark_radio.png
template\OTDA\toc_topic_desktop.png
template\OTDA\toc_book_closed_desktop.png
template\Azure_Blue_2\search_mobile_navigation.png
template\Azure_Blue\search_desktop_navigation.png
template\Azure_Blue\glossary_tab.png
template\Azure_Blue\filter_mobile.png
template\Azure_Blue\filter_nomark.png
Screens_You_Will_Encounter_-_Master_List\IVA-IVD_Message_Details_PopUp_Screen_-_Markup_B.png
Screens_You_Will_Encounter_-_Master_List\Doc_Gen_-_NYS_Family_Court_-_01.png
INTAKE\Non-TA_Process_-_Intake\LDSS-4882_-_Request_Legal_Services.png
Style_Guide_for_Manual\image1.gif
COLA\Non-TA_Process\Non-TA_Process_-_2017-07-07_-_A_-_bottom.png
template\CSS_Ops_Man_2017-05-12\toc_link_desktop_ltr.png
template\CSS_Ops_Man_2017-05-12\previous_active.png
template\CSS_Ops_Man_2017-05-12\filter_desktop_applied.png
template\CSS_Ops_Man_2017-05-12\index_desktop.png
template\CSS_Ops_Man_2017-05-12\next_tab_active.png
template\CSS_Ops_Man_2017-05-12\toc_book_open_mobile.png
template\2017_01_20_A\slider_ltr.png
template\2017_01_20_A\slider_rtl.png
template\2017_01_20_A\next_tab_active.png
template\2017_01_20_A\toc_book_open_mobile.png
template\OTDA\index_desktop.png
template\OTDA\previous_tab.png
template\OTDA\next_mobile_active.png
template\OTDA\filter_nomark.png
template\Azure_Blue_2\slider_ltr.png
template\Azure_Blue_2\print_desktop.png
template\Azure_Blue_2\slider_rtl.png
template\Azure_Blue_2\index_mobile.png
template\Azure_Blue_2\filter_mark_radio.png
template\Azure_Blue_2\idx_topic.png
template\Azure_Blue_2\search_desktop.png
template\Azure_Blue\previous_tab.png
template\Azure_Blue\andsearch_mark.png
template\Azure_Blue\idx_topic.png
template\Azure_Blue\toc_topic_mobile.png
Screens_You_Will_Encounter_-_Master_List\image39.gif
Notices_and_Correspondence\Account_Creation_Summary_-_Page_3.jpg
Notices_and_Correspondence\Account_Creation_Summary_-_Page_2.jpg
INTAKE\The_Application_Referral_Form_LDSS-4882\Section_C_of_4882_-_Check_Box_1_or_Box_2_-_2017-09-11_-_B.png
INTAKE\TA_Cases_Intake_Introduction\image4.gif
INTAKE\TA_Process\Page_A-5_of_the_4882.png
INTAKE\Non-TA_Process_-_Intake\CSEU_Logs_Receipt_of_Application.png
COLA\Ineligibility\CEJ_State_Word_Graphic_-_png.png
template\CSS_Ops_Man_2017-05-12\toc_link_mobile_ltr.png
template\CSS_Ops_Man_2017-05-12\top.png
template\CSS_Ops_Man_2017-05-12\filter_tab_applied.png
template\CSS_Ops_Man_2017-05-12\previous_tab_active.png
template\CSS_Ops_Man_2017-05-12\logo.png
template\CSS_Ops_Man_2017-05-12\toc_link_mobile_rtl.png
template\2017_01_20_A\social_close_ltr.png
template\2017_01_20_A\filter_mobile.png
template\2017_01_20_A\social_close_rtl.png
template\OTDA\print_desktop.png
template\OTDA\next_active.png
template\OTDA\previous.png
template\OTDA\search_mobile.png
template\OTDA\next_mobile.png
template\OTDA\toc_book_closed_mobile.png
template\Azure_Blue\toc_link_desktop_ltr.png
template\Azure_Blue\toc_link_desktop_rtl.png
Screens_You_Will_Encounter_-_Master_List\CANs_Without_CINS_Report_-_B.png
INTAKE\Foster_Care_Cases\image8.gif
COLA\Objection_Process\COLA_Information_Edit_screen_-_COLA_Request_Ind_field.png
COLA\Objection_Process\Update_COLA_Button.png
LOCATION\Minimum_information_required_to_locate_the_Respondent.png
LOCATION\image4.gif
template\CSS_Ops_Man_2017-05-12\social_close_ltr.png
template\CSS_Ops_Man_2017-05-12\next_active.png
template\CSS_Ops_Man_2017-05-12\previous_tab.png
template\CSS_Ops_Man_2017-05-12\next_mobile.png
template\CSS_Ops_Man_2017-05-12\social_close_rtl.png
template\2017_01_20_A\toc_link_mobile_ltr.png
template\2017_01_20_A\next_tab.png
template\2017_01_20_A\search_mobile.png
template\2017_01_20_A\toc_link_mobile_rtl.png
template\OTDA\social_close_ltr.png
template\OTDA\filter_tab_applied.png
template\OTDA\social_close_rtl.png
template\OTDA\social_open.png
template\Azure_Blue_2\top.png
template\Azure_Blue_2\previous_active.png
template\Azure_Blue_2\search_desktop_navigation.png
template\Azure_Blue_2\filter_desktop_applied.png
template\Azure_Blue\slider_open_ltr.png
template\Azure_Blue\top.png
template\Azure_Blue\previous.png
template\Azure_Blue\slider_open_rtl.png
template\Azure_Blue\filter_tab_applied.png
template\Azure_Blue\toc_book_open_mobile.png
Screens_You_Will_Encounter_-_Master_List\Obligation_Tab_screen_-_Redacted.png
INTAKE\TA_Cases_Intake_Introduction\IVA-IVD_Interface_-_New_Cases_Appear_-_MarkedUp_Cropped.png
INTAKE\Non-TA_Process_-_Intake\Legal_Rates_for_Non-TA_customers.png
INTAKE\Non-TA_Process_-_Intake\Checkbox_to_Indicate_4882_B_-_Checkbox.png
INTAKE\The_Application_Referral_Form_LDSS-4882\Application_Search_Screen_-_redacted.jpg
ENFORCEMENT\image9.gif
ENFORCEMENT\image8.gif
ENFORCEMENT\image7.gif
ENFORCEMENT\image6.gif
ENFORCEMENT\image1.gif
Graphics_Global\Learn_More_button.gif
COLA\TA_Process\image30.gif
LOCATION\image5.gif
Intake_-_TA_Process_-_2017-12-01_-_B.png
template\CSS_Ops_Man_2017-05-12\slider_open_ltr.png
template\CSS_Ops_Man_2017-05-12\slider_open_rtl.png
template\CSS_Ops_Man_2017-05-12\toc_mobile.png
template\CSS_Ops_Man_2017-05-12\social_open.png
template\2017_01_20_A\toc_desktop.png
template\2017_01_20_A\toc_mobile.png
template\2017_01_20_A\search_mobile_navigation.png
template\2017_01_20_A\social_open.png
template\2017_01_20_A\andsearch_mark.png
template\OTDA\back_mobile_ltr.png
template\OTDA\back_mobile_rtl.png
template\OTDA\previous_mobile.png
template\Azure_Blue_2\social_close_ltr.png
template\Azure_Blue_2\social_close_rtl.png
template\Azure_Blue\search_tab.png
template\Azure_Blue\next_mobile_active.png
template\Azure_Blue\search_mobile_navigation.png
Screens_You_Will_Encounter_-_Master_List\Respondent_Employer_Detail_tab_-_Case_Mode_-_redacted_-_A.png
INTAKE\Case-Building\Select_Case_Type_on_Online_Application_Form.png
INTAKE\TA_Process\TA_Worker_fills_out_4882.png
COLA\Objection_Process\Roadmap_-_COLA_-_Objection_Process_-_2017-09-27_-_A.png
COLA\TA_Process\TA_Process_-_2017-07-07_-_C.png
template\CSS_Ops_Man_2017-05-12\print_desktop.png
template\CSS_Ops_Man_2017-05-12\index_tab.png
template\CSS_Ops_Man_2017-05-12\andsearch_nomark.png
template\CSS_Ops_Man_2017-05-12\filter_nomark.png
template\CSS_Ops_Man_2017-05-12\idx_topic.png
template\CSS_Ops_Man_2017-05-12\filter_clearall.png
template\CSS_Ops_Man_2017-05-12\loading.gif
template\2017_01_20_A\andsearch_nomark.png
template\2017_01_20_A\filter_nomark_radio.png
template\2017_01_20_A\logo.png
template\2017_01_20_A\toc_book_closed_desktop.png
template\2017_01_20_A\loading.gif
template\OTDA\next.png
template\OTDA\glossary_mobile.png
template\OTDA\toc_book_open_desktop.png
template\OTDA\toc_book_open_drildown.png
template\Azure_Blue_2\previous.png
template\Azure_Blue_2\back_mobile_filter.png
template\Azure_Blue_2\filter_nomark_radio.png
template\Azure_Blue_2\andsearch_mark.png
template\Azure_Blue\slider_ltr.png
template\Azure_Blue\slider_rtl.png
template\Azure_Blue\filter_tab.png
template\Azure_Blue\index_tab.png
template\Azure_Blue\search_mobile_active.png
template\Azure_Blue\glossary_mobile.png
Screens_You_Will_Encounter_-_Master_List\Cost_of_Living_Adjustment_Eligible_Cases_screen_REDACTED.png
ENFORCEMENT\Worker_Alerts_-_Modes_and_Tabs_-_2017-10-06_-_A.png
COLA\Graphics_for_COLA\How_is_a_COLA_Calculated.png
template\CSS_Ops_Man_2017-05-12\toc_desktop.png
template\2017_01_20_A\next.png
template\2017_01_20_A\search_tab.png
template\OTDA\slider_open_ltr.png
template\OTDA\toc_link_desktop_ltr.png
template\OTDA\slider_open_rtl.png
template\OTDA\filter_nomark_radio.png
template\OTDA\andsearch_mark.png
template\OTDA\idx_topic.png
template\Azure_Blue_2\toc_link_desktop_ltr.png
template\Azure_Blue_2\glossary_tab.png
template\Azure_Blue_2\glossary_mobile.png
template\Azure_Blue_2\toc_link_desktop_rtl.png
template\Azure_Blue_2\toc_topic_mobile.png
template\Azure_Blue_2\toc_book_closed_mobile.png
template\Azure_Blue\back_mobile_filter.png
template\Azure_Blue\index_mobile.png
template\Azure_Blue\previous_mobile_active.png
INTAKE\Case-Building\5a132b53011d4WRTS_-_Referral_Search_screen_-_a.png
INTAKE\Direct-from-Court_Cases\Safety_Concerns_-_on_Application_Form.png
INTAKE\Troubleshooting_-_Intake\WMS_can_update_datafields_in_ASSETS.png
LOCATION\Databases_Used_for_Location_Searches\Databases_-_What_Info_They_Will_Yield_-_2017-11-28_-_A_-_two_of_two.png
LOCATION\Databases_Used_for_Location_Searches\Databases_-_What_Info_They_Will_Yield_-_2017-11-28_-_A_-_one_of_two.png
Introduction_to_the_Child_Support_Operations_Manual\image45.gif
INTAKE\Non-TA_Process_-_Intake\Safety_Concerns_-_on_Application_Form.png
template\CSS_Ops_Man_2017-05-12\filter_mark_radio.png
template\CSS_Ops_Man_2017-05-12\toc_book_open_desktop.png
template\CSS_Ops_Man_2017-05-12\toc_book_open_drildown.png
template\CSS_Ops_Man_2017-05-12\search_desktop.png
template\2017_01_20_A\toc_tab.png
template\OTDA\search_tab.png
template\OTDA\glossary_tab.png
template\OTDA\toc_link_desktop_rtl.png
template\OTDA\toc_topic_mobile.png
template\OTDA\search_desktop.png
template\Azure_Blue_2\filter_desktop.png
template\Azure_Blue_2\toc_desktop.png
template\Azure_Blue_2\next_mobile_active.png
template\Azure_Blue_2\social_open.png
template\Azure_Blue_2\toc_book_open_drildown.png
template\Azure_Blue_2\logo.png
template\Azure_Blue\next_active.png
template\Azure_Blue\previous_active.png
template\Azure_Blue\filter_desktop.png
template\Azure_Blue\toc_tab.png
template\Azure_Blue\andsearch_nomark.png
template\Azure_Blue\search_mobile.png
template\Azure_Blue\next_mobile.png
template\Azure_Blue\filter_mark_radio.png
template\Azure_Blue\toc_book_open_desktop.png
Screens_You_Will_Encounter_-_Master_List\5a1f2486905f3Respondent_Address_tab_in_Summary_Mode_-_redacted_-_A.png
Screens_You_Will_Encounter_-_Master_List\Advanced_Search_Screen.png
INTAKE\Non-TA_Process_-_Intake\LDSS-4882C_-_Page_X_of_X.png
INTAKE\Non-TA_Process_-_Intake\LDSS-4882B_-_Page_X_of_X.png
LOCATION\image9.gif
template\CSS_Ops_Man_2017-05-12\slider_ltr.png
template\CSS_Ops_Man_2017-05-12\slider_rtl.png
template\CSS_Ops_Man_2017-05-12\search_tab.png
template\CSS_Ops_Man_2017-05-12\index_mobile.png
template\CSS_Ops_Man_2017-05-12\toc_link_desktop_rtl.png
template\CSS_Ops_Man_2017-05-12\toc_topic_desktop.png
template\2017_01_20_A\slider_open_ltr.png
template\2017_01_20_A\slider_open_rtl.png
template\2017_01_20_A\previous_mobile_active.png
template\2017_01_20_A\filter_mark.png
template\2017_01_20_A\toc_book_open_drildown.png
template\OTDA\filter_desktop.png
template\OTDA\logo.png
template\Azure_Blue_2\index_desktop.png
template\Azure_Blue_2\filter_tab_applied.png
template\Azure_Blue_2\next_tab.png
template\Azure_Blue_2\previous_tab.png
template\Azure_Blue_2\search_mobile.png
template\Azure_Blue_2\previous_mobile.png
template\Azure_Blue\social_close_ltr.png
Screens_You_Will_Encounter_-_Master_List\IVA_-_IVD_Interface_-_REDACTED.png
Screens_You_Will_Encounter_-_Master_List\Respondent_Info_tab_-_Case_Mode_-_redacted_-_A.png
COLA\After_a_Court_Hearing\image44.gif
template\CSS_Ops_Man_2017-05-12\search_mobile.png
template\2017_01_20_A\print_desktop.png
template\2017_01_20_A\previous.png
template\2017_01_20_A\filter_desktop.png
template\2017_01_20_A\filter_tab_applied.png
template\2017_01_20_A\index_tab.png
template\OTDA\previous_active.png
template\OTDA\andsearch_nomark.png
template\OTDA\index_mobile.png
template\OTDA\filter_mobile.png
template\Azure_Blue_2\index_tab.png
template\Azure_Blue_2\previous_tab_active.png
template\Azure_Blue_2\filter_nomark.png
template\Azure_Blue_2\filter_clearall.png
template\Azure_Blue_2\toc_topic_desktop.png
template\Azure_Blue\toc_link_mobile_ltr.png
template\Azure_Blue\print_desktop.png
template\Azure_Blue\filter_desktop_applied.png
template\Azure_Blue\toc_desktop.png
template\Azure_Blue\filter_mobile_applied.png
template\Azure_Blue\loading.gif
template\Azure_Blue\toc_link_mobile_rtl.png
Screens_You_Will_Encounter_-_Master_List\CPI-U_Utility_Screenshot.gif
Notices_and_Correspondence\image3.gif
INTAKE\Case-Building\Referral_Search_screen_-_A.png
Roadmaps_-_Demo_-_2017-06-09_-_B.mp4
Search_Box_in_the_Child_Support_Program_Manual.mp4
Glossary_Function_in_the_Child_Support_Program_Manual.mp4
Index_-_2017-06-09_-_B.mp4
Brief_Video_Demo_of_the_Child_Support_Program_Manual.mp4
RoboHHRE.lng
index.ppf
ehlpdhtm.js
SearchOptions.xml
whxdata\toc1.js
whxdata\toc1.new.js
whxdata\toc2.js
whxdata\toc2.new.js
whxdata\toc4.js
whxdata\toc4.new.js
whxdata\toc5.js
whxdata\toc5.new.js
whxdata\toc6.js
whxdata\toc6.new.js
whxdata\toc7.js
whxdata\toc7.new.js
whxdata\toc8.js
whxdata\toc8.new.js
whxdata\toc9.js
whxdata\toc9.new.js
whxdata\toc10.js
whxdata\toc10.new.js
whxdata\toc11.js
whxdata\toc11.new.js
whxdata\toc12.js
whxdata\toc12.new.js
whxdata\toc13.js
whxdata\toc13.new.js
whxdata\toc14.js
whxdata\toc14.new.js
whxdata\toc15.js
whxdata\toc15.new.js
whxdata\toc3.js
whxdata\toc3.new.js
whxdata\toc17.js
whxdata\toc17.new.js
whxdata\toc18.js
whxdata\toc18.new.js
whxdata\toc19.js
whxdata\toc19.new.js
whxdata\toc20.js
whxdata\toc20.new.js
whxdata\toc21.js
whxdata\toc21.new.js
whxdata\toc22.js
whxdata\toc22.new.js
whxdata\toc23.js
whxdata\toc23.new.js
whxdata\toc24.js
whxdata\toc24.new.js
whxdata\toc25.js
whxdata\toc25.new.js
whxdata\toc26.js
whxdata\toc26.new.js
whxdata\toc16.js
whxdata\toc16.new.js
whxdata\toc28.js
whxdata\toc28.new.js
whxdata\toc29.js
whxdata\toc29.new.js
whxdata\toc30.js
whxdata\toc30.new.js
whxdata\toc31.js
whxdata\toc31.new.js
whxdata\toc32.js
whxdata\toc32.new.js
whxdata\toc27.js
whxdata\toc27.new.js
whxdata\toc.js
whxdata\toc.new.js
whxdata\idata1.js
whxdata\idata1.new.js
whxdata\idata2.js
whxdata\idata2.new.js
whxdata\idata3.js
whxdata\idata3.new.js
whxdata\idata4.js
whxdata\idata4.new.js
whxdata\idx.js
whxdata\idx.new.js
whxdata\gdata1.js
whxdata\gdata1.new.js
whxdata\gdata2.js
whxdata\gdata2.new.js
whxdata\gdata3.js
whxdata\gdata3.new.js
whxdata\gdata4.js
whxdata\gdata4.new.js
whxdata\gdata5.js
whxdata\gdata5.new.js
whxdata\gdata6.js
whxdata\gdata6.new.js
whxdata\gdata7.js
whxdata\gdata7.new.js
whxdata\gdata8.js
whxdata\gdata8.new.js
whxdata\glo.js
whxdata\glo.new.js
whxdata\package_0_xml.js
whxdata\package_1_xml.js
whxdata\package_2_xml.js
whxdata\package_3_xml.js
whxdata\package_4_xml.js
whxdata\package_5_xml.js
whxdata\package_6_xml.js
whxdata\package_7_xml.js
whxdata\package_8_xml.js
whxdata\package_9_xml.js
whxdata\package_10_xml.js
whxdata\package_11_xml.js
whxdata\package_12_xml.js
whxdata\package_13_xml.js
whxdata\package_14_xml.js
whxdata\package_15_xml.js
whxdata\package_16_xml.js
whxdata\package_17_xml.js
whxdata\package_18_xml.js
whxdata\package_19_xml.js
whxdata\package_20_xml.js
whxdata\package_21_xml.js
whxdata\package_22_xml.js
whxdata\package_23_xml.js
whxdata\package_24_xml.js
whxdata\package_25_xml.js
whxdata\package_26_xml.js
whxdata\package_27_xml.js
whxdata\package_28_xml.js
whxdata\package_29_xml.js
whxdata\package_30_xml.js
whxdata\package_31_xml.js
whxdata\package_32_xml.js
whxdata\package_33_xml.js
whxdata\package_34_xml.js
whxdata\package_35_xml.js
whxdata\package_36_xml.js
whxdata\package_37_xml.js
whxdata\package_38_xml.js
whxdata\package_39_xml.js
whxdata\package_40_xml.js
whxdata\package_41_xml.js
whxdata\package_42_xml.js
whxdata\packageindex_xml.js
whxdata\synonym.xml
whxdata\synonym_xml.js
whxdata\topictable_0_xml.js
whxdata\topictable_1_xml.js
whxdata\topictable_2_xml.js
whxdata\topictableindex_xml.js
whxdata\whfts.xml
whxdata\whfts_xml.js
whxdata\csh.js
whxdata\window.js
projectdata.js
