|SourceProjectName:01OPSMANUAL.hpr
|DestinationProjectName:index.htm
index_hha.hhk
index.hhc
index.hhk
Caseworker_reviews_Eligible_Cases_screen,_looks_for_any_accounts_with_an__E__(Error)_code.htm
Child_Support_Operations_Manual\Intro_-_Child_Support_Operations_Manual.htm
Child_Support_Standards_Act_(CSSA)_Data_and_Consumer_Price_Index_utility_screen.htm
COLA\Eligibility\Eligible_Ledgers.htm
COLA\Eligibility\Eligible_Ledgers__Syntax_of_Ledger_Codes.htm
COLA\Eligibility\Quick_Reference__General_Eligility.htm
COLA\Non-TA_Process\ASSETS_calculates_COLAs_for_eligible_cases,_generates_data_files.htm
COLA\Non-TA_Process\ASSETS_enters_request_into__COLA_Request_Indicator__field.htm
COLA\Non-TA_Process\ASSETS_identifies_accounts_receiving_notices_this_month.htm
COLA\Non-TA_Process\ASSETS_identifies_cases.htm
COLA\Non-TA_Process\ASSETS_sends_data_files_to_Processing_Center.htm
COLA\Non-TA_Process\Caseworker_resolves_any_accounts_with__E__(Error)_codes.htm
COLA\Non-TA_Process\Data_files_are_sent_to_Processing_Center.htm
COLA\Non-TA_Process\On_the_third_full_weekend_of_each_month,_ASSETS_runs_its_COLA_monthly_process.htm
COLA\Objections\Caseworker_or_DSS_worker_attends_court_hearing.htm
COLA\Objections\Procedures_for_Objections.htm
COLA\Troubleshooting_-_COLA\Cannot_clear_the_Objection_Date_Field.htm
COLA\Troubleshooting_-_COLA\Cannot_edit_the__CEJ_State__field_in_ASSETS.htm
COLA\What_is_a_COLA_.htm
COLA-Eligible_cases_appear_on__Cost_of_Living_Adjustment_Eligible_Cases__screen.htm
COLA_Notices_-_Sent_from_Processing_Center.htm
COLA_Requested_by_CP_or_NCP_.htm
Court_sends_copy_of_new_court_order_to_all_parties.htm
CP_or_NCP_mails_request_to_Processing_Center.htm
General_Eligibility_Criteria_for_a_COLA.htm
In_the_next_third_full_weekend_of_the_month,_ASSETS_runs_COLA_monthly_process.htm
Ineligibility.htm
Ineligible_Ledgers.htm
Introduction_-_Child_Support_Operations_Manual.htm
Ledger_Codes_-_Syntax.htm
Meeting_Topics.htm
Processing_Center_prints_and_mails__Notice_of_Your_Right_to_Request...__to_CP___NCP.htm
Processing_Center_receives_COLA_request.htm
Processing_Center_sends_request_to_ASSETS.htm
Review_Adjustment_Ind_field_Contains_Code__E_.htm
Style_Sheet_-_Mark_Thiel.htm
TA_-_First_Topic.htm
TA_Accounts_versus_Non-TA_Accounts__Different_COLA_Processes.htm
To_Do_List.htm
To_View_the_CPI-U_Data_From_Any_Page_In_ASSETS.htm
template\Azure_Blue\usersettings.js
index.glo
default.css
template\Azure_Blue\layout-rtl.css
template\Azure_Blue\layout.css
template\Azure_Blue\slider_ltr.png
template\Azure_Blue\toc_tab.png
template\Azure_Blue\toc_book_open_mobile.png
template\Azure_Blue\idx_topic.png
template\Azure_Blue\loading.gif
template\Azure_Blue\search_desktop.png
template\Azure_Blue\search_desktop_navigation.png
template\Azure_Blue\next_tab.png
COLA\COLA_Graphics\CP_small_icon.png
CEJ_State_is_Not_Eligible_for_a_COLA.png
template\Azure_Blue\glossary_desktop.png
template\Azure_Blue\next_mobile.png
template\Azure_Blue\filter_clearall.png
template\Azure_Blue\toc_topic_desktop.png
Ineligible_Ledgers_are_mutually_exclusive.png
template\Azure_Blue\print_desktop.png
template\Azure_Blue\previous.png
template\Azure_Blue\slider_rtl.png
template\Azure_Blue\filter_desktop_applied.png
template\Azure_Blue\search_tab.png
template\Azure_Blue\preview\index.png
template\Azure_Blue\previous_tab.png
template\Azure_Blue\filter_mobile.png
template\Azure_Blue\andsearch_mark.png
template\Azure_Blue\preview\functionbar-desktop.png
template\Azure_Blue\preview\content.png
template\Azure_Blue\preview\layout-media-queries.png
template\Azure_Blue\toc_link_desktop_ltr.png
template\Azure_Blue\filter_tab_applied.png
template\Azure_Blue\back_mobile_filter.png
template\Azure_Blue\filter_mark_radio.png
template\Azure_Blue\toc_link_desktop_rtl.png
template\Azure_Blue\preview\search.png
COLA-Eligible_Ledgers.png
template\Azure_Blue\back_mobile_ltr.png
template\Azure_Blue\search_desktop_active.png
template\Azure_Blue\toc_desktop.png
template\Azure_Blue\back_mobile_rtl.png
template\Azure_Blue\search_mobile_navigation.png
template\Azure_Blue\preview\functionbar-mobile.png
image12.gif
Paper_Clip_-_Small.PNG
template\Azure_Blue\top.png
template\Azure_Blue\social_open.png
template\Azure_Blue\preview\sidebar-desktop.png
COLA\COLA_Graphics\image9.gif
image9.gif
image7.gif
image2.gif
template\Azure_Blue\next_tab_active.png
template\Azure_Blue\index_mobile.png
template\Azure_Blue\filter_mark.png
template\Azure_Blue\toc_book_open_drildown.png
template\Azure_Blue\toc_link_mobile_ltr.png
template\Azure_Blue\next.png
template\Azure_Blue\filter_tab.png
template\Azure_Blue\menu.png
template\Azure_Blue\filter_nomark_radio.png
template\Azure_Blue\toc_book_open_desktop.png
template\Azure_Blue\logo.png
template\Azure_Blue\toc_book_closed_desktop.png
template\Azure_Blue\toc_link_mobile_rtl.png
template\Azure_Blue\preview\social.png
template\Azure_Blue\filter_desktop.png
template\Azure_Blue\previous_tab_active.png
template\Azure_Blue\andsearch_nomark.png
template\Azure_Blue\next_mobile_active.png
template\Azure_Blue\preview\filter-mobile.png
template\Azure_Blue\preview\glossary.png
COLA\COLA_Graphics\image11.gif
template\Azure_Blue\search_mobile_active.png
template\Azure_Blue\previous_mobile_active.png
template\Azure_Blue\preview\filter.png
template\Azure_Blue\preview\functionbar-tablet.png
template\Azure_Blue\preview\header.png
template\Azure_Blue\preview\user-settings.png
COLA\COLA_Graphics\image10.gif
image16.gif
template\Azure_Blue\index_desktop.png
template\Azure_Blue\glossary_mobile.png
template\Azure_Blue\filter_nomark.png
template\Azure_Blue\next_active.png
template\Azure_Blue\previous_active.png
template\Azure_Blue\glossary_tab.png
template\Azure_Blue\search_mobile.png
template\Azure_Blue\previous_mobile.png
template\Azure_Blue\filter_mobile_applied.png
template\Azure_Blue\social_close_rtl.png
template\Azure_Blue\toc_topic_mobile.png
image15.gif
template\Azure_Blue\slider_open_ltr.png
template\Azure_Blue\slider_open_rtl.png
template\Azure_Blue\toc_book_closed_mobile.png
template\Azure_Blue\index_tab.png
template\Azure_Blue\toc_mobile.png
template\Azure_Blue\preview\sidebar-mobile.png
template\Azure_Blue\preview\sidebar-tablet.png
template\Azure_Blue\social_close_ltr.png
template\Azure_Blue\preview\toc-mobile.png
template\Azure_Blue\preview\toc-desktop.png
template\Azure_Blue\preview\search-mobile.png
RoboHHRE.lng
ehlpdhtm.js
index.htm
SearchOptions.xml
index.ppf
whxdata\toc1.js
whxdata\toc1.new.js
whxdata\toc3.js
whxdata\toc3.new.js
whxdata\toc4.js
whxdata\toc4.new.js
whxdata\toc5.js
whxdata\toc5.new.js
whxdata\toc6.js
whxdata\toc6.new.js
whxdata\toc7.js
whxdata\toc7.new.js
whxdata\toc8.js
whxdata\toc8.new.js
whxdata\toc9.js
whxdata\toc9.new.js
whxdata\toc10.js
whxdata\toc10.new.js
whxdata\toc2.js
whxdata\toc2.new.js
whxdata\toc11.js
whxdata\toc11.new.js
whxdata\toc.js
whxdata\toc.new.js
whxdata\idata1.js
whxdata\idata1.new.js
whxdata\idx.js
whxdata\idx.new.js
whxdata\gdata1.js
whxdata\gdata1.new.js
whxdata\glo.js
whxdata\glo.new.js
whxdata\package_0_xml.js
whxdata\package_1_xml.js
whxdata\package_2_xml.js
whxdata\package_3_xml.js
whxdata\package_4_xml.js
whxdata\packageindex_xml.js
whxdata\synonym.xml
whxdata\synonym_xml.js
whxdata\topictable_0_xml.js
whxdata\topictableindex_xml.js
whxdata\whfts.xml
whxdata\whfts_xml.js
whxdata\csh.js
whxdata\window.js
projectdata.js
