|SourceProjectName:Child Support Operations Manual.hpr
|DestinationProjectName:index.htm
index_hha.hhk
index.hhc
index.hhk
Added_Features.htm
Child_Support_Operations_Manual\Intro_-_Child_Support_Operations_Manual.htm
Child_Support_Operations_Manual\Introduction_-_Child_Support_Operations_Manual.htm
COLA\Eligibility\Eligible_Ledgers.htm
COLA\Eligibility\Eligible_Ledgers__Syntax_of_Ledger_Codes.htm
COLA\Eligibility\General_Eligibility_Criteria_for_a_COLA.htm
COLA\Eligibility\Ledger_Codes_-_Syntax.htm
COLA\Eligibility\Master_Page_MT_Topic.htm
COLA\Eligibility\Quick_Reference__General_Eligility.htm
COLA\Eligibility\To_View_the_CPI-U_Data_From_Any_Page_In_ASSETS.htm
COLA\Ineligibility\Ineligibility.htm
COLA\Ineligibility\Ineligible_Ledgers.htm
COLA\Non-TA_Process\ASSETS_calculates_COLAs_for_eligible_cases,_generates_data_files.htm
COLA\Non-TA_Process\ASSETS_enters_request_into__COLA_Request_Indicator__field.htm
COLA\Non-TA_Process\ASSETS_identifies_accounts_receiving_notices_this_month.htm
COLA\Non-TA_Process\ASSETS_identifies_cases.htm
COLA\Non-TA_Process\ASSETS_sends_data_files_to_Processing_Center.htm
COLA\Non-TA_Process\Caseworker_resolves_any_accounts_with__E__(Error)_codes.htm
COLA\Non-TA_Process\Caseworker_reviews_Eligible_Cases_screen,_looks_for_any_accounts_with_an__E__(Error)_code.htm
COLA\Non-TA_Process\COLA-Eligible_cases_appear_on__Cost_of_Living_Adjustment_Eligible_Cases__screen.htm
COLA\Non-TA_Process\COLA_Requested_by_CP_or_NCP_.htm
COLA\Non-TA_Process\CP_or_NCP_mails_request_to_Processing_Center.htm
COLA\Non-TA_Process\Data_files_are_sent_to_Processing_Center.htm
COLA\Non-TA_Process\In_the_next_third_full_weekend_of_the_month,_ASSETS_runs_COLA_monthly_process.htm
COLA\Non-TA_Process\On_the_third_full_weekend_of_each_month,_ASSETS_runs_its_COLA_monthly_process.htm
COLA\Non-TA_Process\Processing_Center_prints_and_mails__Notice_of_Your_Right_to_Request...__to_CP___NCP.htm
COLA\Non-TA_Process\Processing_Center_receives_COLA_request.htm
COLA\Non-TA_Process\Processing_Center_sends_request_to_ASSETS.htm
COLA\Objections\Caseworker_or_DSS_worker_attends_court_hearing.htm
COLA\Objections\Court_sends_copy_of_new_court_order_to_all_parties.htm
COLA\Objections\Procedures_for_Objections.htm
COLA\Screen_You_Will_Encounter\Child_Support_Standards_Act_(CSSA)_Data_and_Consumer_Price_Index_utility_screen.htm
COLA\TA_-_First_Topic.htm
COLA\TA_Accounts_versus_Non-TA_Accounts__Different_COLA_Processes.htm
COLA\Troubleshooting_-_COLA\Cannot_clear_the_Objection_Date_Field.htm
COLA\Troubleshooting_-_COLA\Cannot_edit_the__CEJ_State__field_in_ASSETS.htm
COLA\Troubleshooting_-_COLA\Review_Adjustment_Ind_field_Contains_Code__E_.htm
COLA\What_is_a_COLA_.htm
COLA_Notices_-_Sent_from_Processing_Center.htm
Delete_this_-_Test_Create_Book_from_Page.htm
Demo_-_Examples_of_Pages\Automated_(ASSETS)_Step_in_a_Process.htm
Demo_-_Examples_of_Pages\Caseworker_Step_in_a_Process.htm
Demo_-_Examples_of_Pages\CP_or_NCP_Step_in_a_Process.htm
Demo_-_Examples_of_Pages\Legislation.htm
Keyboard_Shortcuts_in_RoboHelp.htm
Mark_Thiel_Work_Files\Meeting_Topics.htm
Mark_Thiel_Work_Files\Style_Sheet_-_Mark_Thiel.htm
Mark_Thiel_Work_Files\To_Do_List.htm
Snippets_-_to_be_created.htm
Variables_-_To_Be_Created.htm
template\Azure_Blue\usersettings.js
template\Azure_Blue_2\usersettings.js
template\OTDA\usersettings.js
index.glo
default.css
template\Azure_Blue\layout-rtl.css
template\Azure_Blue\layout.css
template\Azure_Blue_2\layout-rtl.css
template\Azure_Blue_2\layout.css
template\OTDA\layout-rtl.css
template\OTDA\layout.css
template\OTDA\toc_tab.png
template\OTDA\next_tab_active.png
template\OTDA\search_mobile_navigation.png
template\OTDA\filter_nomark_radio.png
template\OTDA\toc_topic_desktop.png
template\Azure_Blue_2\slider_open_ltr.png
template\Azure_Blue_2\slider_open_rtl.png
template\Azure_Blue_2\previous_tab.png
template\Azure_Blue_2\next_mobile.png
template\Azure_Blue_2\filter_mark_radio.png
template\Azure_Blue_2\andsearch_mark.png
template\Azure_Blue\slider_ltr.png
template\Azure_Blue\toc_tab.png
template\Azure_Blue\toc_book_open_mobile.png
template\Azure_Blue\idx_topic.png
template\Azure_Blue\loading.gif
template\Azure_Blue\search_desktop.png
template\OTDA\top.png
template\OTDA\previous.png
template\OTDA\previous_tab.png
template\OTDA\index_mobile.png
template\OTDA\toc_mobile.png
template\Azure_Blue_2\search_desktop_navigation.png
template\Azure_Blue_2\glossary_tab.png
template\Azure_Blue_2\filter_mark.png
template\Azure_Blue_2\preview\filter.png
template\Azure_Blue_2\preview\index.png
template\Azure_Blue_2\preview\functionbar-desktop.png
template\Azure_Blue_2\preview\header.png
template\Azure_Blue\search_desktop_navigation.png
template\Azure_Blue\next_tab.png
COLA\Graphics_for_COLA\Tables_as_Static_Graphics\Eligibility_Quick_Reference_Chart.gif
template\OTDA\filter_mark.png
template\OTDA\toc_book_open_mobile.png
template\OTDA\toc_link_desktop_rtl.png
template\OTDA\preview\toc-desktop.png
template\OTDA\preview\sidebar-mobile.png
template\OTDA\preview\sidebar-tablet.png
template\Azure_Blue_2\previous_active.png
template\Azure_Blue_2\index_mobile.png
template\Azure_Blue_2\toc_book_open_desktop.png
template\Azure_Blue_2\toc_book_closed_mobile.png
template\Azure_Blue_2\preview\sidebar-desktop.png
template\Azure_Blue_2\preview\functionbar-mobile.png
template\Azure_Blue\glossary_desktop.png
template\Azure_Blue\next_mobile.png
template\Azure_Blue\filter_clearall.png
template\Azure_Blue\toc_topic_desktop.png
COLA\Graphics_for_COLA\Screenshots_COLA\CPI-U_and_CSSA_Screen.gif
template\OTDA\slider_open_ltr.png
template\OTDA\previous_active.png
template\OTDA\slider_open_rtl.png
template\OTDA\search_mobile.png
template\OTDA\toc_book_closed_mobile.png
template\OTDA\preview\glossary.png
template\OTDA\preview\functionbar-mobile.png
template\Azure_Blue_2\back_mobile_ltr.png
template\Azure_Blue_2\top.png
template\Azure_Blue_2\toc_desktop.png
template\Azure_Blue_2\previous_tab_active.png
template\Azure_Blue_2\search_mobile_active.png
template\Azure_Blue_2\back_mobile_rtl.png
template\Azure_Blue_2\toc_book_closed_desktop.png
template\Azure_Blue_2\loading.gif
template\Azure_Blue\print_desktop.png
template\Azure_Blue\previous.png
template\Azure_Blue\slider_rtl.png
template\Azure_Blue\filter_desktop_applied.png
template\Azure_Blue\search_tab.png
template\OTDA\next_active.png
template\OTDA\index_desktop.png
template\OTDA\andsearch_mark.png
template\Azure_Blue_2\toc_link_mobile_ltr.png
template\Azure_Blue_2\toc_link_mobile_rtl.png
template\Azure_Blue\previous_tab.png
template\Azure_Blue\filter_mobile.png
template\Azure_Blue\andsearch_mark.png
Graphics_Global\Caseworker_Icon.gif
template\OTDA\social_close_ltr.png
template\OTDA\toc_desktop.png
template\OTDA\preview\search.png
template\Azure_Blue_2\next.png
template\Azure_Blue_2\search_desktop_active.png
template\Azure_Blue_2\filter_desktop_applied.png
template\Azure_Blue_2\glossary_mobile.png
template\Azure_Blue_2\next_mobile_active.png
template\Azure_Blue_2\menu.png
template\Azure_Blue_2\filter_nomark_radio.png
template\Azure_Blue_2\toc_book_open_drildown.png
template\Azure_Blue_2\idx_topic.png
template\Azure_Blue_2\logo.png
template\Azure_Blue_2\toc_topic_mobile.png
template\Azure_Blue\toc_link_desktop_ltr.png
template\Azure_Blue\filter_tab_applied.png
template\Azure_Blue\back_mobile_filter.png
template\Azure_Blue\filter_mark_radio.png
template\Azure_Blue\toc_link_desktop_rtl.png
COLA\Graphics_for_COLA\Diagrams\Ineligible_Ledgers_are_mutually_exclusive.png
COLA\Graphics_for_COLA\Screenshots_COLA\CPI-U_Utility_Screenshot.gif
COLA\Eligibility\COLA-Eligible_Ledgers.png
Graphics_Global\Paper_Clip_-_Small.PNG
template\OTDA\filter_desktop_applied.png
template\OTDA\glossary_mobile.png
template\OTDA\toc_topic_mobile.png
template\OTDA\search_desktop.png
template\OTDA\preview\toc-mobile.png
template\Azure_Blue\back_mobile_ltr.png
template\Azure_Blue\search_desktop_active.png
template\Azure_Blue\toc_desktop.png
template\Azure_Blue\back_mobile_rtl.png
template\Azure_Blue\search_mobile_navigation.png
template\OTDA\search_desktop_active.png
template\OTDA\next_tab.png
template\OTDA\next_mobile.png
template\OTDA\preview\content.png
template\Azure_Blue_2\toc_tab.png
template\Azure_Blue_2\next_tab.png
template\Azure_Blue_2\previous_mobile_active.png
template\Azure_Blue_2\toc_topic_desktop.png
template\Azure_Blue_2\preview\functionbar-tablet.png
template\Azure_Blue\top.png
template\Azure_Blue\social_open.png
Graphics_Global\Automated_Mailing_icon.gif
template\OTDA\previous_tab_active.png
template\OTDA\andsearch_nomark.png
template\OTDA\toc_book_open_drildown.png
template\Azure_Blue_2\search_mobile.png
template\Azure_Blue_2\filter_mobile.png
template\Azure_Blue_2\social_open.png
template\Azure_Blue_2\filter_nomark.png
template\Azure_Blue_2\preview\search.png
template\Azure_Blue_2\preview\user-settings.png
template\Azure_Blue\next_tab_active.png
template\Azure_Blue\index_mobile.png
template\Azure_Blue\filter_mark.png
template\Azure_Blue\toc_book_open_drildown.png
COLA\Graphics_for_COLA\Screenshots_COLA\Code_E_Screenshot.gif
template\OTDA\filter_tab_applied.png
template\OTDA\previous_mobile_active.png
template\OTDA\toc_book_closed_desktop.png
template\OTDA\preview\social.png
template\OTDA\preview\sidebar-desktop.png
template\Azure_Blue_2\next_active.png
template\Azure_Blue_2\preview\search-mobile.png
template\Azure_Blue_2\preview\sidebar-tablet.png
template\Azure_Blue\toc_link_mobile_ltr.png
template\Azure_Blue\next.png
template\Azure_Blue\filter_tab.png
template\Azure_Blue\menu.png
template\Azure_Blue\filter_nomark_radio.png
template\Azure_Blue\toc_book_open_desktop.png
template\Azure_Blue\logo.png
template\Azure_Blue\toc_book_closed_desktop.png
template\Azure_Blue\toc_link_mobile_rtl.png
template\OTDA\slider_ltr.png
template\OTDA\toc_link_mobile_ltr.png
template\OTDA\slider_rtl.png
template\OTDA\glossary_tab.png
template\OTDA\social_open.png
template\OTDA\filter_nomark.png
template\OTDA\toc_link_mobile_rtl.png
template\OTDA\preview\filter.png
template\OTDA\preview\functionbar-tablet.png
template\OTDA\preview\header.png
template\Azure_Blue_2\social_close_ltr.png
template\Azure_Blue_2\print_desktop.png
template\Azure_Blue_2\index_desktop.png
template\Azure_Blue_2\search_tab.png
template\Azure_Blue_2\andsearch_nomark.png
template\Azure_Blue_2\filter_mobile_applied.png
template\Azure_Blue_2\filter_clearall.png
template\Azure_Blue_2\preview\toc-mobile.png
template\Azure_Blue_2\preview\layout-media-queries.png
template\Azure_Blue\filter_desktop.png
template\Azure_Blue\previous_tab_active.png
template\Azure_Blue\andsearch_nomark.png
template\Azure_Blue\next_mobile_active.png
Graphics_Global\Legislation_icon.gif
template\OTDA\next.png
template\OTDA\filter_desktop.png
template\OTDA\menu.png
template\OTDA\preview\filter-mobile.png
template\OTDA\preview\index.png
template\OTDA\preview\search-mobile.png
template\Azure_Blue\search_mobile_active.png
template\Azure_Blue\previous_mobile_active.png
Graphics_Global\CP_small_icon.png
Graphics_Global\Automated_ASSETS_icon.gif
template\OTDA\print_desktop.png
template\OTDA\search_tab.png
template\OTDA\filter_tab.png
template\OTDA\previous_mobile.png
template\OTDA\social_close_rtl.png
template\OTDA\toc_book_open_desktop.png
template\OTDA\preview\functionbar-desktop.png
template\Azure_Blue_2\previous.png
template\Azure_Blue_2\next_tab_active.png
template\Azure_Blue_2\previous_mobile.png
template\Azure_Blue_2\search_mobile_navigation.png
template\Azure_Blue_2\preview\social.png
template\Azure_Blue_2\preview\filter-mobile.png
template\Azure_Blue_2\preview\toc-desktop.png
template\Azure_Blue\index_desktop.png
template\Azure_Blue\glossary_mobile.png
template\Azure_Blue\filter_nomark.png
template\OTDA\toc_link_desktop_ltr.png
template\OTDA\search_mobile_active.png
template\OTDA\filter_mobile_applied.png
template\OTDA\filter_mark_radio.png
template\OTDA\idx_topic.png
template\OTDA\logo.png
template\Azure_Blue_2\slider_ltr.png
template\Azure_Blue_2\slider_rtl.png
template\Azure_Blue_2\filter_desktop.png
template\Azure_Blue_2\filter_tab_applied.png
template\Azure_Blue_2\filter_tab.png
template\Azure_Blue_2\back_mobile_filter.png
template\Azure_Blue_2\search_desktop.png
template\Azure_Blue\next_active.png
template\Azure_Blue\previous_active.png
template\Azure_Blue\glossary_tab.png
template\Azure_Blue\search_mobile.png
template\Azure_Blue\previous_mobile.png
template\Azure_Blue\filter_mobile_applied.png
template\Azure_Blue\social_close_rtl.png
template\Azure_Blue\toc_topic_mobile.png
COLA\Graphics_for_COLA\Diagrams\CEJ_State_is_Not_Eligible_for_a_COLA.png
template\OTDA\back_mobile_ltr.png
template\OTDA\back_mobile_rtl.png
template\OTDA\next_mobile_active.png
template\OTDA\loading.gif
template\Azure_Blue_2\glossary_desktop.png
template\Azure_Blue_2\index_tab.png
template\Azure_Blue_2\preview\content.png
template\Azure_Blue\slider_open_ltr.png
template\Azure_Blue\slider_open_rtl.png
template\Azure_Blue\toc_book_closed_mobile.png
Graphics_Global\Paper_clip_icon.gif
template\OTDA\glossary_desktop.png
template\OTDA\filter_mobile.png
template\OTDA\filter_clearall.png
template\OTDA\preview\layout-media-queries.png
template\OTDA\preview\user-settings.png
template\Azure_Blue_2\social_close_rtl.png
template\Azure_Blue_2\toc_book_open_mobile.png
template\Azure_Blue\index_tab.png
template\Azure_Blue\toc_mobile.png
template\OTDA\search_desktop_navigation.png
template\OTDA\index_tab.png
template\OTDA\back_mobile_filter.png
template\Azure_Blue_2\toc_link_desktop_ltr.png
template\Azure_Blue_2\toc_mobile.png
template\Azure_Blue_2\toc_link_desktop_rtl.png
template\Azure_Blue_2\preview\glossary.png
template\Azure_Blue_2\preview\sidebar-mobile.png
template\Azure_Blue\social_close_ltr.png
RoboHHRE.lng
ehlpdhtm.js
SearchOptions.xml
index.ppf
whxdata\toc12.js
whxdata\toc12.new.js
whxdata\toc13.js
whxdata\toc13.new.js
whxdata\toc15.js
whxdata\toc15.new.js
whxdata\toc16.js
whxdata\toc16.new.js
whxdata\toc17.js
whxdata\toc17.new.js
whxdata\toc18.js
whxdata\toc18.new.js
whxdata\toc19.js
whxdata\toc19.new.js
whxdata\toc20.js
whxdata\toc20.new.js
whxdata\toc21.js
whxdata\toc21.new.js
whxdata\toc22.js
whxdata\toc22.new.js
whxdata\toc14.js
whxdata\toc14.new.js
whxdata\toc23.js
whxdata\toc23.new.js
whxdata\toc24.js
whxdata\toc24.new.js
whxdata\toc.js
whxdata\toc.new.js
whxdata\idata2.js
whxdata\idata2.new.js
whxdata\idx.js
whxdata\idx.new.js
whxdata\gdata2.js
whxdata\gdata2.new.js
whxdata\glo.js
whxdata\glo.new.js
whxdata\package_0_xml.js
whxdata\package_1_xml.js
whxdata\package_2_xml.js
whxdata\package_3_xml.js
whxdata\package_4_xml.js
whxdata\package_5_xml.js
whxdata\packageindex_xml.js
whxdata\synonym.xml
whxdata\synonym_xml.js
whxdata\topictable_0_xml.js
whxdata\topictable_1_xml.js
whxdata\topictableindex_xml.js
whxdata\whfts.xml
whxdata\whfts_xml.js
whxdata\csh.js
whxdata\window.js
projectdata.js
