|SourceProjectName:UNIFIED MANUAL.hpr
|DestinationProjectName:index.htm
index_hha.hhk
index.hhc
index.hhk
Appendices\ADMs_(Administrative_Directive_Memos).htm
Appendices\DCLs_(Dear_Colleague_Letters).htm
Appendices\Forms_-_Alphabetical_Order.htm
Appendices\Forms_-_Numerical_Order.htm
Appendices\INFs_--_Informational_Letters.htm
Appendices\Notes___Correspondence_-_Alphabetical_by_Title.htm
Appendices\Notes___Correspondence_-_In_Numerical_Order.htm
CASE_CLOSURE\Introduction_to_Automated_Case_Closure.htm
COLA\After_a_Court_Hearing\Roadmap__After_a_Court_Hearing.htm
COLA\COLA_-_Cover_page_for_COLA_chapter.htm
COLA\COLA_Process_Page_on_ERS.htm
COLA\Eligibility\Decision_Tree.htm
COLA\Eligibility\Eligible_Ledgers.htm
COLA\Eligibility\Eligible_Ledgers__Syntax_of_Ledger_Codes.htm
COLA\Eligibility\General_Eligibility_Criteria_for_a_COLA.htm
COLA\Eligibility\Multiple_Ledgers,_Different_Payment_Frequencies.htm
COLA\Eligibility\Orders_Subject_to_COLA.htm
COLA\Ineligibility\Ineligibility.htm
COLA\Intro_to_COLA\How_Is_a_COLA_Calculated_.htm
COLA\Intro_to_COLA\TA_Accounts_versus_Non-TA_Accounts__Different_COLA_Processes.htm
COLA\Intro_to_COLA\What_is_a_COLA_.htm
COLA\Intro_to_Objections\Intro_to_Objections_in_COLA_Process.htm
COLA\Intro_to_Objections\When_Should_the_DSS_Object_to_a_COLA_.htm
COLA\Non-TA_Process\ASSETS_runs_its_COLA_monthly_process_(on_the_third_full_weekend_of_each_month).htm
COLA\Non-TA_Process\Caseworker_reviews_Eligible_Cases_screen,_looks_for_any_accounts_with_an__E__(Error)_code.htm
COLA\Non-TA_Process\COLA-Eligible_cases_appear_on__Cost_of_Living_Adjustment_Eligible_Cases__screen.htm
COLA\Non-TA_Process\CP_and_NCP_Decide_Whether_to_Object_to_COLA.htm
COLA\Non-TA_Process\CP_or_NCP_mails_Objection_to_Court.htm
COLA\Non-TA_Process\CP_or_NCP_mails_request_to_Processing_Center.htm
COLA\Non-TA_Process\No_COLA_requested._No_further_action..htm
COLA\Non-TA_Process\No_objection__COLA_takes_effect_in_60_days.htm
COLA\Non-TA_Process\On_the_next_third_weekend_of_the_month,_ASSETS_runs_COLA_monthly_process..htm
COLA\Non-TA_Process\PROC_CENTER_PRINT.htm
COLA\Non-TA_Process\Proc_Ctr_sends__Adjusted_Order_of_Support__to_all_parties.htm
COLA\Non-TA_Process\Processing_Center_enters_request_code_into_system.htm
COLA\Non-TA_Process\Roadmap__Non-TA_Process.htm
COLA\Notices_Documents_and_Correspondence\COLA_Notices_-_Sent_from_Processing_Center.htm
COLA\Objection_Process\ASSETS_locks_ledgers_so_that_no_COLA_goes_into_effect_pending_de_novo_hearing.htm
COLA\Objection_Process\Court_receives_objection.htm
COLA\Objection_Process\If_a_new_or_modified_order_is_issued.htm
COLA\Objection_Process\If_the_objection_is_dismissed.htm
COLA\Objection_Process\If_the_objection_is_upheld.htm
COLA\Objection_Process\Roadmap__Objecting_to_a_COLA.htm
COLA\Objection_Process\Worker_enters_Objection_Date_into_Adj_Order_Objection_Date_field.htm
COLA\Objection_Process\Worker_rescinds__Adjusted_Order_of_Support_.htm
COLA\Objection_Process\Workers_conducts_financial_investigation.htm
COLA\TA_Process\02.htm
COLA\TA_Process\03.htm
COLA\TA_Process\04.htm
COLA\TA_Process\Roadmap__TA_Process.htm
COLA\TA_Process\Step_02.htm
COLA\TA_Process\When_TA_Unit_Closes_the_TA_Case.htm
COLA\Troubleshooting_-_COLA\Cannot_clear_the_Objection_Date_Field.htm
COLA\Troubleshooting_-_COLA\Cannot_edit_the__CEJ_State__field_in_ASSETS.htm
COLA\Troubleshooting_-_COLA\Proc_Ctr_Receives_an_Unsigned_Request_for_a_COLA.htm
COLA\Troubleshooting_-_COLA\Review_Adjustment_Ind_field_Contains_Code__E_.htm
COLLECTION\Deliinquency_Switches.htm
COLLECTION\Introduction_to_Support_Collection.htm
COLLECTION\Lump_Sum_Payments.htm
COLLECTION\Undeliverable_Mail_or_Returned_Mail.htm
ENFORCEMENT\Introduction_to_Support_Enforcement.htm
ENFORCEMENT\Title_6_Powers_to_Enforce_Support.htm
FINANCIAL_INVESTIGATION\Introduction_to_Financial_Investigation.htm
Foster_Care_Cases\Introduction_to_Foster_Care_Cases.htm
HELP_CENTER\Why_do_they_call_the_Help_Center_.htm
homepage.htm
INTAKE\Cooperation_Requirements\Define__Cooperation_.htm
INTAKE\Cooperation_Requirements\Define_Non-Cooperation.htm
INTAKE\Cooperation_Requirements\Results_of_Non-Cooperation.htm
INTAKE\Cooperation_Requirements\What_Clients_Are_Required_to_Cooperate_.htm
INTAKE\Direct-from-Court_Cases\Court_orders_support_paid_through_CSEU.htm
INTAKE\Direct-from-Court_Cases\Court_sends_the_order_to_CSEU.htm
INTAKE\Direct-from-Court_Cases\Does_worker_have_enough_info_to_build_the_case_and_account_.htm
INTAKE\Direct-from-Court_Cases\Is_a_signed_request_for_services_attached_to_the_order_.htm
INTAKE\Direct-from-Court_Cases\Is_a_signed_request_for_services_available_on_court_interface_.htm
INTAKE\Direct-from-Court_Cases\Worker_builds_case_and_account.htm
INTAKE\Direct-from-Court_Cases\Worker_builds_the_case.htm
INTAKE\Direct-from-Court_Cases\Worker_checks_court_interface.htm
INTAKE\Direct-from-Court_Cases\Worker_forwards_case_to_collection_enforcement.htm
INTAKE\Direct-from-Court_Cases\Worker_receives_court_order.htm
INTAKE\Direct-from-Court_Cases\Worker_retrieves_the_ACS_Report.htm
INTAKE\Eligibility_for_Child_Support_Services\Eligible_Cases.htm
INTAKE\Eligibility_for_Child_Support_Services\Policies_Regarding_Intake.htm
INTAKE\Intake_-_Cover_Page.htm
INTAKE\Introduction_to_Intake\Applications_versus_Referrals.htm
INTAKE\Introduction_to_Intake\Case_Processing_Timelines.htm
INTAKE\Introduction_to_Intake\Definition_of_Intake.htm
INTAKE\Introduction_to_Intake\Do_all_clients_need_to_fill_out_an_LDSS-4882_.htm
INTAKE\Introduction_to_Intake\Linking_Cases_--_Should_You_Do_It_.htm
INTAKE\Introduction_to_Intake\Retention_of_Paper_Records.htm
INTAKE\Introduction_to_Intake\Safety_Concerns__Safety_of_the_Applicant.htm
INTAKE\Introduction_to_Intake\Which_Forms_To_Use.htm
INTAKE\Introduction_to_Intake\Who_is_the_Client__Who_is_the_Petitioner_.htm
INTAKE\Non-Cooperation\Domestic_Violence_Liaison_s_Responsibilities.htm
INTAKE\Non-Cooperation\Good_Cause_versus_Domestic_Violence_Waivers.htm
INTAKE\Non-Cooperation\Non-Cooperation_of_a_TA_IV-E_MA-Only_Client.htm
INTAKE\Referrals_-_Intro_to_Referrals_\CP_requests_continuation_of_services.htm
INTAKE\Referrals_-_Intro_to_Referrals_\Full_Waiver_(of_Cooperation_Requirement).htm
INTAKE\Referrals_-_Intro_to_Referrals_\Good_Cause_versus_Domestic_Violence_Waivers.htm
INTAKE\Referrals_-_Intro_to_Referrals_\If_the_TA_applicant_is_denied_TA_services.htm
INTAKE\Referrals_-_Intro_to_Referrals_\Partial_Waiver_(of_cooperation_requirement).htm
INTAKE\Referrals_-_Intro_to_Referrals_\Processing_Referrals_from_IV-A_and_IV-E_Units.htm
INTAKE\Referrals_-_Intro_to_Referrals_\Referrals_--_Who_is_the_Applicant_.htm
INTAKE\Referrals_-_Intro_to_Referrals_\Safety_Concerns_-_Good_Cause_and_Domestic_Violence.htm
INTAKE\Referrals_-_Intro_to_Referrals_\The_IVA-IVD_Interface_Report.htm
INTAKE\TA_and_IV-E_Cases_-_Introduction\Continuation_of_Services_letter.htm
INTAKE\TA_and_IV-E_Cases_-_Introduction\Cooperation_Requirements_for_TA_Cases.htm
INTAKE\TA_and_IV-E_Cases_-_Introduction\Safety_Concerns_in_TA_Cases.htm
INTAKE\TA_and_IV-E_Cases_-_Introduction\TA_Worker_Actions.htm
INTAKE\TA_and_IV-E_Cases_-_Introduction\When_the_TA_Case_Closes.htm
INTAKE\TA_Process\Applicant_is_sent_to_DVL.htm
INTAKE\TA_Process\CP_applies_for_TA_at_TA_Unit.htm
INTAKE\TA_Process\CP_or_NCP_completes_the_application.htm
INTAKE\TA_Process\Pre-Acceptance_Interview.htm
INTAKE\TA_Process\Roadmap__TA_Process_for_Intake.htm
INTAKE\TA_Process\Worker_reviews_LDSS-4882_form_for_completeness.htm
INTAKE\The_Application_Referral_Form_LDSS-4882\Intake_Guidance_Document.htm
INTAKE\The_Application_Referral_Form_LDSS-4882\Section_C_--_Checking_Box_1_or_Box_2.htm
INTAKE\The_Application_Referral_Form_LDSS-4882\The_Application__Form_DSS-2860.htm
INTAKE\Troubleshooting_-_Intake\New_Topic.htm
Introduction_to_Child_Support\Introduction_to_Child_Support.htm
Introduction_to_the_Child_Support_Operations_Manual\Features\Demo_-_Brief_Video_Demo_of_Features.htm
Introduction_to_the_Child_Support_Operations_Manual\Features\Filter_Your_Content.htm
Introduction_to_the_Child_Support_Operations_Manual\Features\Glossary.htm
Introduction_to_the_Child_Support_Operations_Manual\Features\Index.htm
Introduction_to_the_Child_Support_Operations_Manual\Features\Navigation.htm
Introduction_to_the_Child_Support_Operations_Manual\Features\Roadmaps.htm
Introduction_to_the_Child_Support_Operations_Manual\Features\Search_Box.htm
Introduction_to_the_Child_Support_Operations_Manual\Feedback_About_the_Program_Manual.htm
Introduction_to_the_Child_Support_Operations_Manual\Introduction_-_Child_Support_Operations_Manual.htm
Introduction_to_the_Child_Support_Operations_Manual\Scope__What_This_Chapter_Covers.htm
Introduction_to_the_Child_Support_Operations_Manual\Title_Page_-_Produced_by_PDP.htm
LOCATION\Groups.htm
LOCATION\Introduction_to_Location.htm
LOCATION\Location_-_Cover_Page.htm
Notices_and_Correspondence\Account_Creation_Summary.htm
Notices_and_Correspondence\Affidavit_of_Prior_Application.htm
Notices_and_Correspondence\Continuation_of_Child_Support_Services_letter.htm
Notices_and_Correspondence\Cover_Letter_accompanying_Mailed_LDSS-4882_form.htm
PATERNITY_ESTABLISHMENT\Introduction_to_Paternity_Establishment.htm
PROCESSING_CENTER\Introduction_to_the_Processing_Center.htm
Screens_You_Will_Encounter_-_Master_List\Account_Creation_Summary_screen.htm
Screens_You_Will_Encounter_-_Master_List\Advanced_Search_Screen.htm
Screens_You_Will_Encounter_-_Master_List\Basic_Search_screen.htm
Screens_You_Will_Encounter_-_Master_List\CANs_on_System_Without_CINs_screen.htm
Screens_You_Will_Encounter_-_Master_List\Child_Support_Application_Referral_Form_screen.htm
Screens_You_Will_Encounter_-_Master_List\Child_Support_Standards_Act_(CSSA)_Data_and_Consumer_Price_Index_utility_screen.htm
Screens_You_Will_Encounter_-_Master_List\Child_Support_Standards_Act_(CSSA)_Information_Tab.htm
Screens_You_Will_Encounter_-_Master_List\COLA_Eligible_Cases_Screen.htm
Screens_You_Will_Encounter_-_Master_List\Cost_of_Living_Adjustment_(COLA)_Information_Edit.htm
Screens_You_Will_Encounter_-_Master_List\IVA_-_IVD_Interface_screen.htm
Screens_You_Will_Encounter_-_Master_List\Obligation_Tab_screen.htm
Screens_You_Will_Encounter_-_Master_List\Postal_Clearance_Letter_(PCL).htm
Screens_You_Will_Encounter_-_Master_List\Screens_You_ll_Encounter_-_A_List.htm
Screens_You_Will_Encounter_-_Master_List\Screens_You_ll_Encounter_in_COLA.htm
Screens_You_Will_Encounter_-_Master_List\Summary_Tab.htm
Screens_You_Will_Encounter_-_Master_List\To_View_the_CPI-U_Data_From_Any_Page_In_ASSETS.htm
Style_Guide_for_Manual\Style_Guide_--_Spellings.htm
Style_Guide_for_Manual\TABLES_for_COPYING.htm
SUPPORT_ESTABLISHMENT\Introduction_to_Support_Establishment.htm
COLA\COLA_Chapter_PDF_-_20170721A.pdf
COLA\Objection_Process\Objection_Process_-_WHOLE_-_2017-07-13_-_A.png
template\CSS_Ops_Man_2017-05-12\usersettings.js
template\Azure_Blue_2\usersettings.js
template\OTDA\usersettings.js
template\2017_01_20_A\usersettings.js
template\Azure_Blue\usersettings.js
index.glo
Style_Sheets\default.css
default.css
Style_Sheets\default2.css
INTAKE\Style_Sheets\default.css
INTAKE\default.css
template\Azure_Blue\layout-rtl.css
template\Azure_Blue\layout.css
template\Azure_Blue_2\layout-rtl.css
template\Azure_Blue_2\layout.css
template\OTDA\layout-rtl.css
template\OTDA\layout.css
template\2017_01_20_A\layout-rtl.css
template\2017_01_20_A\layout.css
template\CSS_Ops_Man_2017-05-12\layout-rtl.css
template\CSS_Ops_Man_2017-05-12\layout.css
template\CSS_Ops_Man_2017-05-12\glossary_mobile.png
template\2017_01_20_A\filter_desktop_applied.png
template\2017_01_20_A\index_desktop.png
template\2017_01_20_A\previous_tab_active.png
template\2017_01_20_A\idx_topic.png
template\2017_01_20_A\search_desktop.png
template\OTDA\filter_desktop_applied.png
template\OTDA\previous_mobile_active.png
template\OTDA\filter_mobile_applied.png
template\Azure_Blue_2\next_tab_active.png
template\Azure_Blue_2\toc_mobile.png
template\Azure_Blue_2\filter_mark.png
template\Azure_Blue_2\toc_book_open_desktop.png
template\Azure_Blue\social_open.png
template\Azure_Blue\search_desktop.png
Screens_You_Will_Encounter_-_Master_List\Child_Support_Standards_Act_(CSSA)_Information_Tab_-_Redacted.png
Notices_and_Correspondence\Account_Creation_Summary_-_Page_1_-_B.jpg
COLA\Non-TA_Process\image39.gif
image9.gif
image8.gif
image7.gif
image6.gif
COLA\Objection_Process\image44.gif
COLA\Objection_Process\5989db7cd4214image42.gif
COLA\Objection_Process\image39.gif
COLA\Objection_Process\image30.gif
template\CSS_Ops_Man_2017-05-12\back_mobile_ltr.png
template\CSS_Ops_Man_2017-05-12\back_mobile_rtl.png
template\CSS_Ops_Man_2017-05-12\toc_book_closed_desktop.png
template\2017_01_20_A\filter_mobile_applied.png
template\OTDA\toc_link_mobile_ltr.png
template\OTDA\top.png
template\OTDA\search_desktop_active.png
template\OTDA\search_mobile_active.png
template\OTDA\filter_mark.png
template\OTDA\toc_link_mobile_rtl.png
template\Azure_Blue_2\back_mobile_ltr.png
template\Azure_Blue_2\next.png
template\Azure_Blue_2\filter_tab.png
template\Azure_Blue_2\back_mobile_rtl.png
template\Azure_Blue_2\filter_mobile_applied.png
template\Azure_Blue_2\toc_book_open_mobile.png
template\Azure_Blue\search_desktop_active.png
template\Azure_Blue\toc_mobile.png
template\Azure_Blue\filter_clearall.png
template\Azure_Blue\toc_book_closed_desktop.png
INTAKE\The_Application_Referral_Form_LDSS-4882\Learn_more_button_-_green_25_percent.png
COLA\Objection_Process\image43.gif
COLA\Non-TA_Process\Non-TA_Process_-_2017-07-07_-_A_-_top.png
COLA\Eligibility\Decision_Tree_as_Static_Graphic.png
template\CSS_Ops_Man_2017-05-12\next.png
template\CSS_Ops_Man_2017-05-12\next_tab.png
template\CSS_Ops_Man_2017-05-12\search_mobile_active.png
template\CSS_Ops_Man_2017-05-12\filter_mobile_applied.png
template\CSS_Ops_Man_2017-05-12\menu.png
template\2017_01_20_A\search_desktop_navigation.png
template\2017_01_20_A\glossary_tab.png
template\2017_01_20_A\glossary_mobile.png
template\2017_01_20_A\filter_mark_radio.png
template\2017_01_20_A\toc_topic_mobile.png
template\OTDA\search_desktop_navigation.png
template\OTDA\glossary_desktop.png
template\OTDA\toc_desktop.png
template\OTDA\filter_tab.png
template\OTDA\toc_tab.png
template\OTDA\loading.gif
template\Azure_Blue_2\loading.gif
template\Azure_Blue\next.png
template\Azure_Blue\next_tab.png
template\Azure_Blue\menu.png
template\Azure_Blue\logo.png
Screens_You_Will_Encounter_-_Master_List\Basic_Search_Screen.png
TA_Worker_fills_out_part_of_4882.png
template\CSS_Ops_Man_2017-05-12\previous.png
template\CSS_Ops_Man_2017-05-12\search_desktop_active.png
template\CSS_Ops_Man_2017-05-12\back_mobile_filter.png
template\CSS_Ops_Man_2017-05-12\next_mobile_active.png
template\CSS_Ops_Man_2017-05-12\previous_mobile_active.png
template\CSS_Ops_Man_2017-05-12\filter_nomark_radio.png
template\CSS_Ops_Man_2017-05-12\toc_book_closed_mobile.png
template\2017_01_20_A\previous_active.png
template\2017_01_20_A\filter_tab.png
template\2017_01_20_A\menu.png
template\2017_01_20_A\toc_book_open_desktop.png
template\OTDA\search_mobile_navigation.png
template\Azure_Blue\glossary_desktop.png
template\Azure_Blue\filter_mark.png
Graphics_Global\Paper_Clip_-_Small.PNG
COLA\Graphics_for_COLA\COLA_Previous_Month_dropdown_menu.jpg
template\CSS_Ops_Man_2017-05-12\previous_mobile.png
template\CSS_Ops_Man_2017-05-12\filter_mobile.png
template\CSS_Ops_Man_2017-05-12\andsearch_mark.png
template\2017_01_20_A\top.png
template\2017_01_20_A\next_active.png
template\2017_01_20_A\previous_tab.png
template\2017_01_20_A\search_mobile_active.png
template\2017_01_20_A\back_mobile_filter.png
template\2017_01_20_A\next_mobile.png
template\2017_01_20_A\previous_mobile.png
template\OTDA\slider_ltr.png
template\OTDA\slider_rtl.png
template\OTDA\index_tab.png
template\OTDA\next_tab.png
template\Azure_Blue_2\next_active.png
template\Azure_Blue_2\glossary_desktop.png
template\Azure_Blue_2\search_tab.png
template\Azure_Blue_2\toc_tab.png
template\Azure_Blue_2\andsearch_nomark.png
template\Azure_Blue_2\next_mobile.png
template\Azure_Blue\index_desktop.png
template\Azure_Blue\next_tab_active.png
INTAKE\TA_Process\TA_Process_-_Intake_-_2017-07-27_-_C.png
Screens_You_Will_Encounter_-_Master_List\Code_E_Screenshot.gif
Graphics_Global\Learn_more_button_-_green_25_percent.png
template\CSS_Ops_Man_2017-05-12\search_desktop_navigation.png
template\CSS_Ops_Man_2017-05-12\filter_tab.png
template\2017_01_20_A\back_mobile_ltr.png
template\2017_01_20_A\glossary_desktop.png
template\2017_01_20_A\back_mobile_rtl.png
template\2017_01_20_A\filter_nomark.png
template\2017_01_20_A\filter_clearall.png
template\2017_01_20_A\toc_book_closed_mobile.png
template\OTDA\previous_tab_active.png
template\OTDA\back_mobile_filter.png
template\OTDA\filter_clearall.png
template\Azure_Blue_2\slider_open_ltr.png
template\Azure_Blue_2\toc_link_mobile_ltr.png
template\Azure_Blue_2\slider_open_rtl.png
template\Azure_Blue_2\search_mobile_active.png
template\Azure_Blue_2\toc_link_mobile_rtl.png
template\Azure_Blue\previous_mobile.png
Screens_You_Will_Encounter_-_Master_List\CPI-U_and_CSSA_Screen.gif
template\CSS_Ops_Man_2017-05-12\filter_desktop.png
template\CSS_Ops_Man_2017-05-12\glossary_desktop.png
template\CSS_Ops_Man_2017-05-12\glossary_tab.png
template\CSS_Ops_Man_2017-05-12\search_mobile_navigation.png
template\CSS_Ops_Man_2017-05-12\filter_mark.png
template\2017_01_20_A\toc_link_desktop_ltr.png
template\2017_01_20_A\search_desktop_active.png
template\2017_01_20_A\toc_link_desktop_rtl.png
template\OTDA\next_tab_active.png
template\OTDA\toc_mobile.png
template\OTDA\toc_book_open_mobile.png
template\Azure_Blue_2\search_desktop_active.png
template\Azure_Blue_2\previous_mobile_active.png
template\Azure_Blue_2\filter_mobile.png
template\Azure_Blue_2\menu.png
template\Azure_Blue_2\toc_book_closed_desktop.png
template\Azure_Blue\back_mobile_ltr.png
template\Azure_Blue\previous_tab_active.png
template\Azure_Blue\back_mobile_rtl.png
template\Azure_Blue\social_close_rtl.png
template\Azure_Blue\filter_nomark_radio.png
template\Azure_Blue\toc_book_open_drildown.png
template\Azure_Blue\toc_topic_desktop.png
template\Azure_Blue\toc_book_closed_mobile.png
Screens_You_Will_Encounter_-_Master_List\Basic_Search_screen_-_B.png
Screens_You_Will_Encounter_-_Master_List\Summary_Tab.png
template\CSS_Ops_Man_2017-05-12\toc_tab.png
template\CSS_Ops_Man_2017-05-12\toc_topic_mobile.png
template\2017_01_20_A\index_mobile.png
template\2017_01_20_A\next_mobile_active.png
template\2017_01_20_A\toc_topic_desktop.png
template\OTDA\menu.png
template\OTDA\filter_mark_radio.png
template\OTDA\toc_topic_desktop.png
template\OTDA\toc_book_closed_desktop.png
template\Azure_Blue_2\search_mobile_navigation.png
template\Azure_Blue\search_desktop_navigation.png
template\Azure_Blue\glossary_tab.png
template\Azure_Blue\filter_mobile.png
template\Azure_Blue\filter_nomark.png
Screens_You_Will_Encounter_-_Master_List\IVA-IVD_Message_Details_PopUp_Screen_-_Markup_B.png
COLA\Non-TA_Process\Non-TA_Process_-_2017-07-07_-_A_-_bottom.png
template\CSS_Ops_Man_2017-05-12\toc_link_desktop_ltr.png
template\CSS_Ops_Man_2017-05-12\previous_active.png
template\CSS_Ops_Man_2017-05-12\filter_desktop_applied.png
template\CSS_Ops_Man_2017-05-12\index_desktop.png
template\CSS_Ops_Man_2017-05-12\next_tab_active.png
template\CSS_Ops_Man_2017-05-12\toc_book_open_mobile.png
template\2017_01_20_A\slider_ltr.png
template\2017_01_20_A\slider_rtl.png
template\2017_01_20_A\next_tab_active.png
template\2017_01_20_A\toc_book_open_mobile.png
template\OTDA\index_desktop.png
template\OTDA\previous_tab.png
template\OTDA\next_mobile_active.png
template\OTDA\filter_nomark.png
template\Azure_Blue_2\slider_ltr.png
template\Azure_Blue_2\print_desktop.png
template\Azure_Blue_2\slider_rtl.png
template\Azure_Blue_2\index_mobile.png
template\Azure_Blue_2\filter_mark_radio.png
template\Azure_Blue_2\idx_topic.png
template\Azure_Blue_2\search_desktop.png
template\Azure_Blue\previous_tab.png
template\Azure_Blue\andsearch_mark.png
template\Azure_Blue\idx_topic.png
template\Azure_Blue\toc_topic_mobile.png
Screens_You_Will_Encounter_-_Master_List\image39.gif
Notices_and_Correspondence\Account_Creation_Summary_-_Page_3.jpg
Notices_and_Correspondence\Account_Creation_Summary_-_Page_2.jpg
COLA\Ineligibility\CEJ_State_Word_Graphic_-_png.png
template\CSS_Ops_Man_2017-05-12\toc_link_mobile_ltr.png
template\CSS_Ops_Man_2017-05-12\top.png
template\CSS_Ops_Man_2017-05-12\filter_tab_applied.png
template\CSS_Ops_Man_2017-05-12\previous_tab_active.png
template\CSS_Ops_Man_2017-05-12\logo.png
template\CSS_Ops_Man_2017-05-12\toc_link_mobile_rtl.png
template\2017_01_20_A\social_close_ltr.png
template\2017_01_20_A\filter_mobile.png
template\2017_01_20_A\social_close_rtl.png
template\OTDA\print_desktop.png
template\OTDA\next_active.png
template\OTDA\previous.png
template\OTDA\search_mobile.png
template\OTDA\next_mobile.png
template\OTDA\toc_book_closed_mobile.png
template\Azure_Blue\toc_link_desktop_ltr.png
template\Azure_Blue\toc_link_desktop_rtl.png
Screens_You_Will_Encounter_-_Master_List\CANs_Without_CINS_Report_-_B.png
COLA\Objection_Process\COLA_Information_Edit_screen_-_COLA_Request_Ind_field.png
COLA\Objection_Process\Update_COLA_Button.png
template\CSS_Ops_Man_2017-05-12\social_close_ltr.png
template\CSS_Ops_Man_2017-05-12\next_active.png
template\CSS_Ops_Man_2017-05-12\previous_tab.png
template\CSS_Ops_Man_2017-05-12\next_mobile.png
template\CSS_Ops_Man_2017-05-12\social_close_rtl.png
template\2017_01_20_A\toc_link_mobile_ltr.png
template\2017_01_20_A\next_tab.png
template\2017_01_20_A\search_mobile.png
template\2017_01_20_A\toc_link_mobile_rtl.png
template\OTDA\social_close_ltr.png
template\OTDA\filter_tab_applied.png
template\OTDA\social_close_rtl.png
template\OTDA\social_open.png
template\Azure_Blue_2\top.png
template\Azure_Blue_2\previous_active.png
template\Azure_Blue_2\search_desktop_navigation.png
template\Azure_Blue_2\filter_desktop_applied.png
template\Azure_Blue\slider_open_ltr.png
template\Azure_Blue\top.png
template\Azure_Blue\previous.png
template\Azure_Blue\slider_open_rtl.png
template\Azure_Blue\filter_tab_applied.png
template\Azure_Blue\toc_book_open_mobile.png
Screens_You_Will_Encounter_-_Master_List\Obligation_Tab_screen_-_Redacted.png
INTAKE\The_Application_Referral_Form_LDSS-4882\Application_Search_Screen_-_redacted.jpg
Graphics_Global\Learn_More_button.gif
COLA\TA_Process\image30.gif
template\CSS_Ops_Man_2017-05-12\slider_open_ltr.png
template\CSS_Ops_Man_2017-05-12\slider_open_rtl.png
template\CSS_Ops_Man_2017-05-12\toc_mobile.png
template\CSS_Ops_Man_2017-05-12\social_open.png
template\2017_01_20_A\toc_desktop.png
template\2017_01_20_A\toc_mobile.png
template\2017_01_20_A\search_mobile_navigation.png
template\2017_01_20_A\social_open.png
template\2017_01_20_A\andsearch_mark.png
template\OTDA\back_mobile_ltr.png
template\OTDA\back_mobile_rtl.png
template\OTDA\previous_mobile.png
template\Azure_Blue_2\social_close_ltr.png
template\Azure_Blue_2\social_close_rtl.png
template\Azure_Blue\search_tab.png
template\Azure_Blue\next_mobile_active.png
template\Azure_Blue\search_mobile_navigation.png
COLA\TA_Process\TA_Process_-_2017-07-07_-_C.png
Continuation_of_Child_Support_Services_letter.png
template\CSS_Ops_Man_2017-05-12\print_desktop.png
template\CSS_Ops_Man_2017-05-12\index_tab.png
template\CSS_Ops_Man_2017-05-12\andsearch_nomark.png
template\CSS_Ops_Man_2017-05-12\filter_nomark.png
template\CSS_Ops_Man_2017-05-12\idx_topic.png
template\CSS_Ops_Man_2017-05-12\filter_clearall.png
template\CSS_Ops_Man_2017-05-12\loading.gif
template\2017_01_20_A\andsearch_nomark.png
template\2017_01_20_A\filter_nomark_radio.png
template\2017_01_20_A\logo.png
template\2017_01_20_A\toc_book_closed_desktop.png
template\2017_01_20_A\loading.gif
template\OTDA\next.png
template\OTDA\glossary_mobile.png
template\OTDA\toc_book_open_desktop.png
template\OTDA\toc_book_open_drildown.png
template\Azure_Blue_2\previous.png
template\Azure_Blue_2\back_mobile_filter.png
template\Azure_Blue_2\filter_nomark_radio.png
template\Azure_Blue_2\andsearch_mark.png
template\Azure_Blue\slider_ltr.png
template\Azure_Blue\slider_rtl.png
template\Azure_Blue\filter_tab.png
template\Azure_Blue\index_tab.png
template\Azure_Blue\search_mobile_active.png
template\Azure_Blue\glossary_mobile.png
Screens_You_Will_Encounter_-_Master_List\Cost_of_Living_Adjustment_Eligible_Cases_screen_REDACTED.png
INTAKE\Referrals_-_Intro_to_Referrals_\WMS_System_Screenshot_-_IV-D_Indicator_Field.png
COLA\Graphics_for_COLA\How_is_a_COLA_Calculated.png
template\CSS_Ops_Man_2017-05-12\toc_desktop.png
template\2017_01_20_A\next.png
template\2017_01_20_A\search_tab.png
template\OTDA\slider_open_ltr.png
template\OTDA\toc_link_desktop_ltr.png
template\OTDA\slider_open_rtl.png
template\OTDA\filter_nomark_radio.png
template\OTDA\andsearch_mark.png
template\OTDA\idx_topic.png
template\Azure_Blue_2\toc_link_desktop_ltr.png
template\Azure_Blue_2\glossary_tab.png
template\Azure_Blue_2\glossary_mobile.png
template\Azure_Blue_2\toc_link_desktop_rtl.png
template\Azure_Blue_2\toc_topic_mobile.png
template\Azure_Blue_2\toc_book_closed_mobile.png
template\Azure_Blue\back_mobile_filter.png
template\Azure_Blue\index_mobile.png
template\Azure_Blue\previous_mobile_active.png
INTAKE\Paper_Clip_-_Small.PNG
Introduction_to_the_Child_Support_Operations_Manual\image45.gif
template\CSS_Ops_Man_2017-05-12\filter_mark_radio.png
template\CSS_Ops_Man_2017-05-12\toc_book_open_desktop.png
template\CSS_Ops_Man_2017-05-12\toc_book_open_drildown.png
template\CSS_Ops_Man_2017-05-12\search_desktop.png
template\2017_01_20_A\toc_tab.png
template\OTDA\search_tab.png
template\OTDA\glossary_tab.png
template\OTDA\toc_link_desktop_rtl.png
template\OTDA\toc_topic_mobile.png
template\OTDA\search_desktop.png
template\Azure_Blue_2\filter_desktop.png
template\Azure_Blue_2\toc_desktop.png
template\Azure_Blue_2\next_mobile_active.png
template\Azure_Blue_2\social_open.png
template\Azure_Blue_2\toc_book_open_drildown.png
template\Azure_Blue_2\logo.png
template\Azure_Blue\next_active.png
template\Azure_Blue\previous_active.png
template\Azure_Blue\filter_desktop.png
template\Azure_Blue\toc_tab.png
template\Azure_Blue\andsearch_nomark.png
template\Azure_Blue\search_mobile.png
template\Azure_Blue\next_mobile.png
template\Azure_Blue\filter_mark_radio.png
template\Azure_Blue\toc_book_open_desktop.png
Screens_You_Will_Encounter_-_Master_List\Application_form_online.gif
Screens_You_Will_Encounter_-_Master_List\Advanced_Search_Screen.png
INTAKE\The_Application_Referral_Form_LDSS-4882\Section_C_of_Application_Form_-_Box_1_and_Box_2.png
template\CSS_Ops_Man_2017-05-12\slider_ltr.png
template\CSS_Ops_Man_2017-05-12\slider_rtl.png
template\CSS_Ops_Man_2017-05-12\search_tab.png
template\CSS_Ops_Man_2017-05-12\index_mobile.png
template\CSS_Ops_Man_2017-05-12\toc_link_desktop_rtl.png
template\CSS_Ops_Man_2017-05-12\toc_topic_desktop.png
template\2017_01_20_A\slider_open_ltr.png
template\2017_01_20_A\slider_open_rtl.png
template\2017_01_20_A\previous_mobile_active.png
template\2017_01_20_A\filter_mark.png
template\2017_01_20_A\toc_book_open_drildown.png
template\OTDA\filter_desktop.png
template\OTDA\logo.png
template\Azure_Blue_2\index_desktop.png
template\Azure_Blue_2\filter_tab_applied.png
template\Azure_Blue_2\next_tab.png
template\Azure_Blue_2\previous_tab.png
template\Azure_Blue_2\search_mobile.png
template\Azure_Blue_2\previous_mobile.png
template\Azure_Blue\social_close_ltr.png
Screens_You_Will_Encounter_-_Master_List\IVA_-_IVD_Interface_-_REDACTED.png
INTAKE\Introduction_to_Intake\Applications_versus_Referrals_-_2017-07-26_-_A.png
INTAKE\The_Application_Referral_Form_LDSS-4882\Learn_more_button.gif
INTAKE\Referrals_-_Intro_to_Referrals_\IVA-IVD_Interface_-_New_Cases_Appear_-_MarkedUp_Cropped.png
COLA\After_a_Court_Hearing\image44.gif
template\CSS_Ops_Man_2017-05-12\search_mobile.png
template\2017_01_20_A\print_desktop.png
template\2017_01_20_A\previous.png
template\2017_01_20_A\filter_desktop.png
template\2017_01_20_A\filter_tab_applied.png
template\2017_01_20_A\index_tab.png
template\OTDA\previous_active.png
template\OTDA\andsearch_nomark.png
template\OTDA\index_mobile.png
template\OTDA\filter_mobile.png
template\Azure_Blue_2\index_tab.png
template\Azure_Blue_2\previous_tab_active.png
template\Azure_Blue_2\filter_nomark.png
template\Azure_Blue_2\filter_clearall.png
template\Azure_Blue_2\toc_topic_desktop.png
template\Azure_Blue\toc_link_mobile_ltr.png
template\Azure_Blue\print_desktop.png
template\Azure_Blue\filter_desktop_applied.png
template\Azure_Blue\toc_desktop.png
template\Azure_Blue\filter_mobile_applied.png
template\Azure_Blue\loading.gif
template\Azure_Blue\toc_link_mobile_rtl.png
Screens_You_Will_Encounter_-_Master_List\CPI-U_Utility_Screenshot.gif
Notices_and_Correspondence\image3.gif
Videos\Filtering_Your_Content__in_the_Child_Support_Program_Manual.mp4
Videos\Search_Box_in_the_Child_Support_Program_Manual.mp4
Videos\Glossary_Function_in_the_Child_Support_Program_Manual.mp4
Videos\Brief_Video_Demo_of_the_Child_Support_Program_Manual.mp4
Videos\Roadmaps_-_Demo_-_2017-06-09_-_B.mp4
Videos\Index_-_2017-06-09_-_B.mp4
RoboHHRE.lng
index.ppf
ehlpdhtm.js
SearchOptions.xml
whxdata\toc1.js
whxdata\toc1.new.js
whxdata\toc2.js
whxdata\toc2.new.js
whxdata\toc4.js
whxdata\toc4.new.js
whxdata\toc5.js
whxdata\toc5.new.js
whxdata\toc6.js
whxdata\toc6.new.js
whxdata\toc7.js
whxdata\toc7.new.js
whxdata\toc8.js
whxdata\toc8.new.js
whxdata\toc9.js
whxdata\toc9.new.js
whxdata\toc10.js
whxdata\toc10.new.js
whxdata\toc11.js
whxdata\toc11.new.js
whxdata\toc12.js
whxdata\toc12.new.js
whxdata\toc13.js
whxdata\toc13.new.js
whxdata\toc14.js
whxdata\toc14.new.js
whxdata\toc3.js
whxdata\toc3.new.js
whxdata\toc15.js
whxdata\toc15.new.js
whxdata\toc16.js
whxdata\toc16.new.js
whxdata\toc17.js
whxdata\toc17.new.js
whxdata\toc18.js
whxdata\toc18.new.js
whxdata\toc19.js
whxdata\toc19.new.js
whxdata\toc21.js
whxdata\toc21.new.js
whxdata\toc22.js
whxdata\toc22.new.js
whxdata\toc23.js
whxdata\toc23.new.js
whxdata\toc24.js
whxdata\toc24.new.js
whxdata\toc25.js
whxdata\toc25.new.js
whxdata\toc26.js
whxdata\toc26.new.js
whxdata\toc27.js
whxdata\toc27.new.js
whxdata\toc28.js
whxdata\toc28.new.js
whxdata\toc29.js
whxdata\toc29.new.js
whxdata\toc30.js
whxdata\toc30.new.js
whxdata\toc31.js
whxdata\toc31.new.js
whxdata\toc20.js
whxdata\toc20.new.js
whxdata\toc32.js
whxdata\toc32.new.js
whxdata\toc33.js
whxdata\toc33.new.js
whxdata\toc34.js
whxdata\toc34.new.js
whxdata\toc36.js
whxdata\toc36.new.js
whxdata\toc37.js
whxdata\toc37.new.js
whxdata\toc38.js
whxdata\toc38.new.js
whxdata\toc39.js
whxdata\toc39.new.js
whxdata\toc40.js
whxdata\toc40.new.js
whxdata\toc41.js
whxdata\toc41.new.js
whxdata\toc35.js
whxdata\toc35.new.js
whxdata\toc.js
whxdata\toc.new.js
whxdata\idata1.js
whxdata\idata1.new.js
whxdata\idata2.js
whxdata\idata2.new.js
whxdata\idata3.js
whxdata\idata3.new.js
whxdata\idata4.js
whxdata\idata4.new.js
whxdata\idata5.js
whxdata\idata5.new.js
whxdata\idx.js
whxdata\idx.new.js
whxdata\gdata1.js
whxdata\gdata1.new.js
whxdata\gdata2.js
whxdata\gdata2.new.js
whxdata\gdata3.js
whxdata\gdata3.new.js
whxdata\gdata4.js
whxdata\gdata4.new.js
whxdata\glo.js
whxdata\glo.new.js
whxdata\package_0_xml.js
whxdata\package_1_xml.js
whxdata\package_2_xml.js
whxdata\package_3_xml.js
whxdata\package_4_xml.js
whxdata\package_5_xml.js
whxdata\package_6_xml.js
whxdata\package_7_xml.js
whxdata\package_8_xml.js
whxdata\package_9_xml.js
whxdata\package_10_xml.js
whxdata\package_11_xml.js
whxdata\package_12_xml.js
whxdata\package_13_xml.js
whxdata\package_14_xml.js
whxdata\package_15_xml.js
whxdata\package_16_xml.js
whxdata\package_17_xml.js
whxdata\package_18_xml.js
whxdata\package_19_xml.js
whxdata\package_20_xml.js
whxdata\package_21_xml.js
whxdata\package_22_xml.js
whxdata\package_23_xml.js
whxdata\package_24_xml.js
whxdata\package_25_xml.js
whxdata\package_26_xml.js
whxdata\package_27_xml.js
whxdata\package_28_xml.js
whxdata\package_29_xml.js
whxdata\package_30_xml.js
whxdata\package_31_xml.js
whxdata\package_32_xml.js
whxdata\package_33_xml.js
whxdata\package_34_xml.js
whxdata\package_35_xml.js
whxdata\package_36_xml.js
whxdata\package_37_xml.js
whxdata\package_38_xml.js
whxdata\package_39_xml.js
whxdata\package_40_xml.js
whxdata\package_41_xml.js
whxdata\package_42_xml.js
whxdata\package_43_xml.js
whxdata\package_44_xml.js
whxdata\package_45_xml.js
whxdata\package_46_xml.js
whxdata\package_47_xml.js
whxdata\package_48_xml.js
whxdata\package_49_xml.js
whxdata\package_50_xml.js
whxdata\package_51_xml.js
whxdata\package_52_xml.js
whxdata\package_53_xml.js
whxdata\package_54_xml.js
whxdata\package_55_xml.js
whxdata\package_56_xml.js
whxdata\package_57_xml.js
whxdata\package_58_xml.js
whxdata\package_59_xml.js
whxdata\package_60_xml.js
whxdata\package_61_xml.js
whxdata\package_62_xml.js
whxdata\package_63_xml.js
whxdata\package_64_xml.js
whxdata\package_65_xml.js
whxdata\package_66_xml.js
whxdata\package_67_xml.js
whxdata\package_68_xml.js
whxdata\package_69_xml.js
whxdata\package_70_xml.js
whxdata\package_71_xml.js
whxdata\package_72_xml.js
whxdata\package_73_xml.js
whxdata\package_74_xml.js
whxdata\package_75_xml.js
whxdata\package_76_xml.js
whxdata\package_77_xml.js
whxdata\package_78_xml.js
whxdata\package_79_xml.js
whxdata\package_80_xml.js
whxdata\package_81_xml.js
whxdata\package_82_xml.js
whxdata\package_83_xml.js
whxdata\package_84_xml.js
whxdata\package_85_xml.js
whxdata\package_86_xml.js
whxdata\package_87_xml.js
whxdata\package_88_xml.js
whxdata\package_89_xml.js
whxdata\package_90_xml.js
whxdata\package_91_xml.js
whxdata\package_92_xml.js
whxdata\package_93_xml.js
whxdata\package_94_xml.js
whxdata\package_95_xml.js
whxdata\package_96_xml.js
whxdata\package_97_xml.js
whxdata\package_98_xml.js
whxdata\package_99_xml.js
whxdata\package_100_xml.js
whxdata\package_101_xml.js
whxdata\package_102_xml.js
whxdata\package_103_xml.js
whxdata\package_104_xml.js
whxdata\package_105_xml.js
whxdata\package_106_xml.js
whxdata\package_107_xml.js
whxdata\package_108_xml.js
whxdata\package_109_xml.js
whxdata\package_110_xml.js
whxdata\package_111_xml.js
whxdata\package_112_xml.js
whxdata\package_113_xml.js
whxdata\package_114_xml.js
whxdata\package_115_xml.js
whxdata\package_116_xml.js
whxdata\package_117_xml.js
whxdata\package_118_xml.js
whxdata\package_119_xml.js
whxdata\package_120_xml.js
whxdata\package_121_xml.js
whxdata\package_122_xml.js
whxdata\package_123_xml.js
whxdata\package_124_xml.js
whxdata\package_125_xml.js
whxdata\package_126_xml.js
whxdata\package_127_xml.js
whxdata\package_128_xml.js
whxdata\package_129_xml.js
whxdata\package_130_xml.js
whxdata\package_131_xml.js
whxdata\package_132_xml.js
whxdata\package_133_xml.js
whxdata\package_134_xml.js
whxdata\package_135_xml.js
whxdata\package_136_xml.js
whxdata\package_137_xml.js
whxdata\package_138_xml.js
whxdata\package_139_xml.js
whxdata\package_140_xml.js
whxdata\package_141_xml.js
whxdata\package_142_xml.js
whxdata\package_143_xml.js
whxdata\package_144_xml.js
whxdata\package_145_xml.js
whxdata\package_146_xml.js
whxdata\package_147_xml.js
whxdata\package_148_xml.js
whxdata\package_149_xml.js
whxdata\package_150_xml.js
whxdata\package_151_xml.js
whxdata\package_152_xml.js
whxdata\package_153_xml.js
whxdata\package_154_xml.js
whxdata\package_155_xml.js
whxdata\package_156_xml.js
whxdata\package_157_xml.js
whxdata\package_158_xml.js
whxdata\package_159_xml.js
whxdata\package_160_xml.js
whxdata\package_161_xml.js
whxdata\package_162_xml.js
whxdata\package_163_xml.js
whxdata\package_164_xml.js
whxdata\package_165_xml.js
whxdata\package_166_xml.js
whxdata\package_167_xml.js
whxdata\package_168_xml.js
whxdata\package_169_xml.js
whxdata\package_170_xml.js
whxdata\package_171_xml.js
whxdata\package_172_xml.js
whxdata\package_173_xml.js
whxdata\package_174_xml.js
whxdata\package_175_xml.js
whxdata\package_176_xml.js
whxdata\package_177_xml.js
whxdata\package_178_xml.js
whxdata\package_179_xml.js
whxdata\package_180_xml.js
whxdata\package_181_xml.js
whxdata\package_182_xml.js
whxdata\package_183_xml.js
whxdata\package_184_xml.js
whxdata\package_185_xml.js
whxdata\package_186_xml.js
whxdata\package_187_xml.js
whxdata\package_188_xml.js
whxdata\package_189_xml.js
whxdata\package_190_xml.js
whxdata\package_191_xml.js
whxdata\package_192_xml.js
whxdata\package_193_xml.js
whxdata\package_194_xml.js
whxdata\package_195_xml.js
whxdata\package_196_xml.js
whxdata\packageindex_xml.js
whxdata\synonym.xml
whxdata\synonym_xml.js
whxdata\topictable_0_xml.js
whxdata\topictable_1_xml.js
whxdata\topictable_2_xml.js
whxdata\topictableindex_xml.js
whxdata\whfts.xml
whxdata\whfts_xml.js
whxdata\csh.js
whxdata\window.js
projectdata.js
