|SourceProjectName:COLA.hpr
|DestinationProjectName:index.htm
whhost.js
whmsg.js
whmozemu.js
whutils.js
whproxy.js
whstub.js
whver.js
whform.js
whphost.js
whstart.js
whtopic.js
whframes.js
whlang.js
XmlReadHelper.js
whskin_info.htm
whskin_blank.htm
whskin_pickup.htm
whskin_homepage.htm
whskin_tw.htm
whnjs.htm
whthost.js
whtdhtml.htm
whihost.js
whibody.htm
whiform.htm
whfhost.js
whfbody.htm
whfform.htm
whghost.js
whgbody.htm
whgdhtml.htm
whgdef.htm
whproj.js
whproj.htm
whdata\whtoc.js
whdata\whtoc.htm
whdata\whtdata.js
whdata\whidx.js
whdata\whidx.htm
whdata\whidata.js
whdata\whglo.js
whdata\whglo.htm
whdata\whgdata.js
whgdata\whnvp30.htm
whgdata\whnvp31.htm
whgdata\whnvp32.htm
whgdata\whnvp33.htm
whgdata\whnvt30.htm
whgdata\whnvt31.htm
whgdata\whnvt32.htm
whgdata\whnvt33.htm
whgdata\whnvf30.htm
whgdata\whnvf31.htm
whgdata\whnvf32.htm
whgdata\whnvf33.htm
whgdata\whnvl31.htm
whgdata\whnvl32.htm
whgdata\whnvl33.htm
whgdata\whexpbar.gif
cshdat_webhelp.htm
whcsh_home.htm
whcshdata.js
cshdat_robohelp.htm
whd_home.htm
whd_topic.xml
whd_nvp10.htm
whd_nvp20.htm
whd_tabs.htm
whd_dpns.htm
whd_tab0.gif
whd_tab1.gif
whd_tab2.gif
whd_tab3.gif
whd_tab4.gif
whd_tab5.gif
whd_tab6.gif
whd_tab7.gif
whd_tab8.gif
whd_toc1.gif
whd_toc2.gif
whd_toc3.gif
whd_toc4.gif
whd_show0.gif
whd_show1.gif
whd_show2.gif
whd_hide0.gif
whd_hide1.gif
whd_hide2.gif
whd_sync0.gif
whd_sync1.gif
whd_sync2.gif
whd_prev0.gif
whd_prev1.gif
whd_prev2.gif
whd_next0.gif
whd_next1.gif
whd_next2.gif
whd_wbsh0.gif
whd_wbsh1.gif
whd_wbsh2.gif
whidhtml.htm
whfdhtml.htm
index_hha.hhk
index.hhc
index.hhk
COLA\After_a_Court_Hearing\Court_notifies_CSEU_of_Court_Decision.htm
COLA\After_a_Court_Hearing\Roadmap__After_a_Court_Hearing.htm
COLA\After_a_Court_Hearing\Worker_enters_Court_Order_Date_on_XXXX_screen.htm
COLA\Eligibility\Decision_Tree.htm
COLA\Eligibility\Eligible_Ledgers.htm
COLA\Eligibility\Eligible_Ledgers__Syntax_of_Ledger_Codes.htm
COLA\Eligibility\General_Eligibility_Criteria_for_a_COLA.htm
COLA\Eligibility\Multiple_Ledgers,_Different_Payment_Frequencies.htm
COLA\Eligibility\Orders_Subject_to_COLA.htm
COLA\Ineligibility\Ineligibility.htm
COLA\Intro_to_COLA\How_Is_a_COLA_Calculated_.htm
COLA\Intro_to_COLA\TA_Accounts_versus_Non-TA_Accounts__Different_COLA_Processes.htm
COLA\Intro_to_COLA\What_is_a_COLA_.htm
COLA\Intro_to_Objections\Intro_to_Objections_in_COLA_Process.htm
COLA\Intro_to_Objections\When_Should_the_DSS_Object_to_a_COLA_.htm
COLA\Non-TA_Process\ASSETS_runs_its_COLA_monthly_process_(on_the_third_full_weekend_of_each_month).htm
COLA\Non-TA_Process\Caseworker_reviews_Eligible_Cases_screen,_looks_for_any_accounts_with_an__E__(Error)_code.htm
COLA\Non-TA_Process\COLA-Eligible_cases_appear_on__Cost_of_Living_Adjustment_Eligible_Cases__screen.htm
COLA\Non-TA_Process\CP_and_NCP_Decide_Whether_to_Object_to_COLA.htm
COLA\Non-TA_Process\CP_or_NCP_mails_Objection_to_Court.htm
COLA\Non-TA_Process\CP_or_NCP_mails_request_to_Processing_Center.htm
COLA\Non-TA_Process\No_COLA_requested._No_further_action..htm
COLA\Non-TA_Process\No_objection__COLA_takes_effect_in_60_days.htm
COLA\Non-TA_Process\On_the_next_third_weekend_of_the_month,_ASSETS_runs_COLA_monthly_process..htm
COLA\Non-TA_Process\PROC_CENTER_PRINT.htm
COLA\Non-TA_Process\Proc_Ctr_sends__Adjusted_Order_of_Support__to_all_parties.htm
COLA\Non-TA_Process\Processing_Center_enters_request_code_into_system.htm
COLA\Non-TA_Process\Roadmap__Non-TA_Process.htm
COLA\Objection_Process\ASSETS_locks_ledgers_so_that_no_COLA_goes_into_effect_pending_de_novo_hearing.htm
COLA\Objection_Process\Court_Clerk_schedules_de_novo_hearing,_sends_court_date_to_all_parties.htm
COLA\Objection_Process\Court_receives_objection.htm
COLA\Objection_Process\De_novo_hearing_is_held.htm
COLA\Objection_Process\Roadmap__Objecting_to_a_COLA.htm
COLA\Objection_Process\Worker_attends_hearing_(for_TA_cases).htm
COLA\Objection_Process\Worker_enters_Objection_Date_into_Adj_Order_Objection_Date_field.htm
COLA\Objection_Process\Workers_conducts_financial_investigation.htm
COLA\TA_Process\02.htm
COLA\TA_Process\03.htm
COLA\TA_Process\04.htm
COLA\TA_Process\Roadmap__TA_Process.htm
COLA\TA_Process\Step_02.htm
COLA\Troubleshooting_-_COLA\Cannot_clear_the_Objection_Date_Field.htm
COLA\Troubleshooting_-_COLA\Cannot_edit_the__CEJ_State__field_in_ASSETS.htm
COLA\Troubleshooting_-_COLA\Proc_Ctr_Receives_an_Unsigned_Request_for_a_COLA.htm
COLA\Troubleshooting_-_COLA\Review_Adjustment_Ind_field_Contains_Code__E_.htm
Introduction_to_the_Child_Support_Operations_Manual\Features\Demo_-_Brief_Video_Demo_of_Features.htm
Introduction_to_the_Child_Support_Operations_Manual\Features\Filter_Your_Content.htm
Introduction_to_the_Child_Support_Operations_Manual\Features\Glossary.htm
Introduction_to_the_Child_Support_Operations_Manual\Features\Index.htm
Introduction_to_the_Child_Support_Operations_Manual\Features\Just_One_Click_Away.htm
Introduction_to_the_Child_Support_Operations_Manual\Features\Main_Screen_--_Features.htm
Introduction_to_the_Child_Support_Operations_Manual\Features\Navigation.htm
Introduction_to_the_Child_Support_Operations_Manual\Features\Roadmaps.htm
Introduction_to_the_Child_Support_Operations_Manual\Features\Search_Box.htm
Introduction_to_the_Child_Support_Operations_Manual\Introduction_-_Child_Support_Operations_Manual.htm
Introduction_to_the_Child_Support_Operations_Manual\Scope__What_This_Chapter_Covers.htm
Introduction_to_the_Child_Support_Operations_Manual\Title_Page_-_Produced_by_PDP.htm
Notices_Documents_and_Correspondence\COLA_Notices_-_Sent_from_Processing_Center.htm
Screens_You_Will_Encounter\Child_Support_Standards_Act_(CSSA)_Data_and_Consumer_Price_Index_utility_screen.htm
Screens_You_Will_Encounter\Child_Support_Standards_Act_(CSSA)_Information_Tab.htm
Screens_You_Will_Encounter\COLA_Eligible_Cases_Screen.htm
Screens_You_Will_Encounter\Cost_of_Living_Adjustment_(COLA)_Information_Edit.htm
Screens_You_Will_Encounter\Obligation_Tab_screen.htm
Screens_You_Will_Encounter\Screens_You_ll_Encounter_in_COLA.htm
Screens_You_Will_Encounter\Summary_Tab.htm
Screens_You_Will_Encounter\To_View_the_CPI-U_Data_From_Any_Page_In_ASSETS.htm
COLA\Cost_of_Living_Adjustment_(COLA).pdf
index.glo
Style_Sheets\default.css
Screens_You_Will_Encounter\Cost_of_Living_Adjustment_Eligible_Cases_screen_REDACTED.png
COLA\Graphics_for_COLA\COLA_Previous_Month_dropdown_menu.jpg
COLA\Non-TA_Process\Non-TA_Process_-_2017-03-21_-_A.png
COLA\Eligibility\Decision_Tree_as_Static_Graphic.png
Screens_You_Will_Encounter\CPI-U_Utility_Screenshot.gif
Screens_You_Will_Encounter\CPI-U_and_CSSA_Screen.gif
Screens_You_Will_Encounter\image39.gif
COLA\Ineligibility\CEJ_State_Word_Graphic_-_png.png
Graphics_Global\Paper_Clip_-_Small.PNG
COLA\Graphics_for_COLA\How_is_a_COLA_Calculated.png
COLA\After_a_Court_Hearing\image44.gif
Screens_You_Will_Encounter\Code_E_Screenshot.gif
Graphics_Global\Learn_More_button.gif
COLA\Non-TA_Process\image29.gif
Gavel_C_-_55_x_55_px.png
Screens_You_Will_Encounter\Summary_Tab.png
COLA\TA_Process\TA_Process_-_2017-03-21_-_A.png
Screens_You_Will_Encounter\Child_Support_Standards_Act_(CSSA)_Information_Tab_-_Redacted.png
Screens_You_Will_Encounter\Obligation_Tab_screen_-_Redacted.png
COLA\Objection_Process\Objection_Process_-_2017-03-22_-_A.png
Graphics_Global\Learn_more_button_-_green_25_percent.png
Introduction_to_the_Child_Support_Operations_Manual\Features\Filtering_Your_Content_-_04.mp4
Introduction_to_the_Child_Support_Operations_Manual\Features\Index_-_Final.mp4
Introduction_to_the_Child_Support_Operations_Manual\Features\Glossary_Function_-_Final.mp4
Introduction_to_the_Child_Support_Operations_Manual\Features\Search_Box_-_Final.mp4
Introduction_to_the_Child_Support_Operations_Manual\Features\Roadmaps_-_Final.mp4
Introduction_to_the_Child_Support_Operations_Manual\Features\Demo_-_CSS_Operations_Manual.mp4
RoboHHRE.lng
index.ppf
ehlpdhtm.js
SearchOptions.xml
whxdata\package_0_xml.js
whxdata\package_1_xml.js
whxdata\package_2_xml.js
whxdata\package_3_xml.js
whxdata\package_4_xml.js
whxdata\package_5_xml.js
whxdata\package_6_xml.js
whxdata\package_7_xml.js
whxdata\package_8_xml.js
whxdata\package_9_xml.js
whxdata\package_10_xml.js
whxdata\package_11_xml.js
whxdata\package_12_xml.js
whxdata\package_13_xml.js
whxdata\package_14_xml.js
whxdata\package_15_xml.js
whxdata\package_16_xml.js
whxdata\package_17_xml.js
whxdata\package_18_xml.js
whxdata\package_19_xml.js
whxdata\package_20_xml.js
whxdata\package_21_xml.js
whxdata\packageindex_xml.js
whxdata\synonym.xml
whxdata\synonym_xml.js
whxdata\topictable_0_xml.js
whxdata\topictable_1_xml.js
whxdata\topictableindex_xml.js
whxdata\whfts.xml
whxdata\whfts_xml.js
whproj_xml.js
whxdata\whtoc_xml.js
whxdata\whidx_xml.js
whxdata\whglo_xml.js
resource\resource_xml.js
whbrs_xml.js
whres_xml.js
whcsh_xml.js
whxdata\whtdata0_xml.js
whxdata\whidata0_xml.js
whxdata\whidata1_xml.js
whxdata\whidata2_xml.js
whxdata\whidata3_xml.js
whxdata\whidata4_xml.js
whxdata\whgdata0_xml.js
whxdata\whgdata1_xml.js
whdata\whtdata0.htm
whdata\whidata0.htm
whdata\whidata1.htm
whdata\whidata2.htm
whdata\whidata3.htm
whdata\whidata4.htm
whdata\whgdata0.htm
whdata\whgdata1.htm
whgdata\whlstt0.htm
whgdata\whlsti0.htm
whgdata\whlsti1.htm
whgdata\whlsti2.htm
whgdata\whlsti3.htm
whgdata\whlsti4.htm
whgdata\whlsti5.htm
whgdata\whlsti6.htm
whgdata\whlsti7.htm
whgdata\whlsti8.htm
whgdata\whlsti9.htm
whgdata\whlsti10.htm
whgdata\whlsti11.htm
whgdata\whlsti12.htm
whgdata\whlsti13.htm
whgdata\whlsti14.htm
whgdata\whlsti15.htm
whgdata\whlsti16.htm
whgdata\whlsti17.htm
whgdata\whlsti18.htm
whgdata\whlsti19.htm
whgdata\whlsti20.htm
whgdata\whlstf0.htm
whgdata\whlstf1.htm
whgdata\whlstf2.htm
whgdata\whlstf3.htm
whgdata\whlstf4.htm
whgdata\whlstf5.htm
whgdata\whlstf6.htm
whgdata\whlstf7.htm
whgdata\whlstf8.htm
whgdata\whlstf9.htm
whgdata\whlstf10.htm
whgdata\whlstf11.htm
whgdata\whlstf12.htm
whgdata\whlstf13.htm
whgdata\whlstf14.htm
whgdata\whlstf15.htm
whgdata\whlstf16.htm
whgdata\whlstf17.htm
whgdata\whlstf18.htm
whgdata\whlstf19.htm
whgdata\whlstf20.htm
whgdata\whlstf21.htm
whgdata\whlstf22.htm
whgdata\whlstf23.htm
whgdata\whlstf24.htm
whgdata\whlstf25.htm
whgdata\whlstf26.htm
whgdata\whlstf27.htm
whgdata\whlstg0.htm
whgdata\whlstg1.htm
whgdata\whlstg2.htm
whgdata\whlstg3.htm
whgdata\whlstg4.htm
whgdata\whlstg5.htm
whgdata\whlstg6.htm
whgdata\whlstg7.htm
whgdata\whlstg8.htm
whgdata\whlstg9.htm
whgdata\whlstg10.htm
whgdata\whlstg11.htm
whgdata\whlstg12.htm
whgdata\whlstg13.htm
whgdata\whlstg14.htm
whgdata\whlstg15.htm
whgdata\whlstg16.htm
whgdata\whlstg17.htm
whgdata\whlstg18.htm
index.htm
index_csh.htm
index_rhc.htm
